{"/home/sabrina/ufv/INF221/educatoris/backend/src/config/database.js": {"path":"/home/sabrina/ufv/INF221/educatoris/backend/src/config/database.js","statementMap":{"0":{"start":{"line":1,"column":17},"end":{"line":1,"column":42}},"1":{"start":{"line":2,"column":13},"end":{"line":2,"column":28}},"2":{"start":{"line":3,"column":11},"end":{"line":3,"column":24}},"3":{"start":{"line":4,"column":15},"end":{"line":4,"column":34}},"4":{"start":{"line":6,"column":16},"end":{"line":6,"column":59}},"5":{"start":{"line":7,"column":20},"end":{"line":7,"column":60}},"6":{"start":{"line":9,"column":11},"end":{"line":9,"column":32}},"7":{"start":{"line":10,"column":0},"end":{"line":10,"column":32}},"8":{"start":{"line":11,"column":0},"end":{"line":11,"column":31}},"9":{"start":{"line":13,"column":15},"end":{"line":13,"column":51}},"10":{"start":{"line":14,"column":0},"end":{"line":14,"column":16}},"11":{"start":{"line":18,"column":25},"end":{"line":18,"column":91}},"12":{"start":{"line":18,"column":84},"end":{"line":18,"column":90}},"13":{"start":{"line":19,"column":0},"end":{"line":21,"column":1}},"14":{"start":{"line":20,"column":2},"end":{"line":20,"column":68}},"15":{"start":{"line":22,"column":0},"end":{"line":24,"column":1}},"16":{"start":{"line":23,"column":2},"end":{"line":23,"column":65}},"17":{"start":{"line":27,"column":20},"end":{"line":29,"column":8}},"18":{"start":{"line":31,"column":0},"end":{"line":38,"column":1}},"19":{"start":{"line":32,"column":16},"end":{"line":32,"column":47}},"20":{"start":{"line":33,"column":20},"end":{"line":35,"column":15}},"21":{"start":{"line":36,"column":2},"end":{"line":36,"column":108}},"22":{"start":{"line":37,"column":2},"end":{"line":37,"column":84}},"23":{"start":{"line":40,"column":0},"end":{"line":40,"column":20}}},"fnMap":{"0":{"name":"(anonymous_0)","decl":{"start":{"line":18,"column":79},"end":{"line":18,"column":80}},"loc":{"start":{"line":18,"column":84},"end":{"line":18,"column":90}},"line":18}},"branchMap":{"0":{"loc":{"start":{"line":19,"column":0},"end":{"line":21,"column":1}},"type":"if","locations":[{"start":{"line":19,"column":0},"end":{"line":21,"column":1}},{"start":{},"end":{}}],"line":19},"1":{"loc":{"start":{"line":22,"column":0},"end":{"line":24,"column":1}},"type":"if","locations":[{"start":{"line":22,"column":0},"end":{"line":24,"column":1}},{"start":{},"end":{}}],"line":22},"2":{"loc":{"start":{"line":31,"column":0},"end":{"line":38,"column":1}},"type":"if","locations":[{"start":{"line":31,"column":0},"end":{"line":38,"column":1}},{"start":{},"end":{}}],"line":31}},"s":{"0":11,"1":11,"2":11,"3":11,"4":11,"5":11,"6":11,"7":11,"8":11,"9":11,"10":11,"11":11,"12":66,"13":11,"14":0,"15":11,"16":0,"17":11,"18":11,"19":0,"20":0,"21":0,"22":0,"23":11},"f":{"0":66},"b":{"0":[0,11],"1":[0,11],"2":[0,11]},"_coverageSchema":"1a1c01bbd47fc00a2c39e90264f33305004495a9","hash":"acd9291bfa636ffc4eae1c539ced4f6122cbd3a5"}
,"/home/sabrina/ufv/INF221/educatoris/backend/src/controllers/ControladorAutenticacao.js": {"path":"/home/sabrina/ufv/INF221/educatoris/backend/src/controllers/ControladorAutenticacao.js","statementMap":{"0":{"start":{"line":1,"column":20},"end":{"line":1,"column":64}},"1":{"start":{"line":2,"column":26},"end":{"line":2,"column":70}},"2":{"start":{"line":4,"column":20},"end":{"line":4,"column":45}},"3":{"start":{"line":6,"column":0},"end":{"line":33,"column":2}},"4":{"start":{"line":7,"column":27},"end":{"line":7,"column":35}},"5":{"start":{"line":8,"column":2},"end":{"line":8,"column":94}},"6":{"start":{"line":8,"column":24},"end":{"line":8,"column":94}},"7":{"start":{"line":10,"column":18},"end":{"line":10,"column":57}},"8":{"start":{"line":11,"column":2},"end":{"line":13,"column":3}},"9":{"start":{"line":12,"column":4},"end":{"line":12,"column":73}},"10":{"start":{"line":15,"column":2},"end":{"line":17,"column":3}},"11":{"start":{"line":16,"column":4},"end":{"line":16,"column":94}},"12":{"start":{"line":19,"column":2},"end":{"line":24,"column":3}},"13":{"start":{"line":20,"column":4},"end":{"line":23,"column":7}},"14":{"start":{"line":26,"column":16},"end":{"line":26,"column":47}},"15":{"start":{"line":27,"column":2},"end":{"line":27,"column":45}},"16":{"start":{"line":29,"column":2},"end":{"line":32,"column":5}},"17":{"start":{"line":35,"column":0},"end":{"line":47,"column":2}},"18":{"start":{"line":36,"column":38},"end":{"line":36,"column":46}},"19":{"start":{"line":37,"column":2},"end":{"line":39,"column":3}},"20":{"start":{"line":38,"column":4},"end":{"line":38,"column":84}},"21":{"start":{"line":41,"column":2},"end":{"line":43,"column":3}},"22":{"start":{"line":42,"column":4},"end":{"line":42,"column":67}},"23":{"start":{"line":45,"column":13},"end":{"line":45,"column":84}},"24":{"start":{"line":46,"column":2},"end":{"line":46,"column":76}},"25":{"start":{"line":49,"column":0},"end":{"line":53,"column":2}},"26":{"start":{"line":50,"column":16},"end":{"line":50,"column":56}},"27":{"start":{"line":51,"column":2},"end":{"line":51,"column":47}},"28":{"start":{"line":51,"column":13},"end":{"line":51,"column":47}},"29":{"start":{"line":52,"column":2},"end":{"line":52,"column":46}},"30":{"start":{"line":55,"column":0},"end":{"line":58,"column":2}},"31":{"start":{"line":56,"column":2},"end":{"line":56,"column":51}},"32":{"start":{"line":57,"column":2},"end":{"line":57,"column":63}}},"fnMap":{"0":{"name":"(anonymous_0)","decl":{"start":{"line":6,"column":16},"end":{"line":6,"column":17}},"loc":{"start":{"line":6,"column":30},"end":{"line":33,"column":1}},"line":6},"1":{"name":"(anonymous_1)","decl":{"start":{"line":35,"column":20},"end":{"line":35,"column":21}},"loc":{"start":{"line":35,"column":34},"end":{"line":47,"column":1}},"line":35},"2":{"name":"(anonymous_2)","decl":{"start":{"line":49,"column":17},"end":{"line":49,"column":18}},"loc":{"start":{"line":49,"column":31},"end":{"line":53,"column":1}},"line":49},"3":{"name":"(anonymous_3)","decl":{"start":{"line":55,"column":32},"end":{"line":55,"column":33}},"loc":{"start":{"line":55,"column":46},"end":{"line":58,"column":1}},"line":55}},"branchMap":{"0":{"loc":{"start":{"line":8,"column":2},"end":{"line":8,"column":94}},"type":"if","locations":[{"start":{"line":8,"column":2},"end":{"line":8,"column":94}},{"start":{},"end":{}}],"line":8},"1":{"loc":{"start":{"line":8,"column":6},"end":{"line":8,"column":22}},"type":"binary-expr","locations":[{"start":{"line":8,"column":6},"end":{"line":8,"column":12}},{"start":{"line":8,"column":16},"end":{"line":8,"column":22}}],"line":8},"2":{"loc":{"start":{"line":11,"column":2},"end":{"line":13,"column":3}},"type":"if","locations":[{"start":{"line":11,"column":2},"end":{"line":13,"column":3}},{"start":{},"end":{}}],"line":11},"3":{"loc":{"start":{"line":11,"column":6},"end":{"line":11,"column":73}},"type":"binary-expr","locations":[{"start":{"line":11,"column":6},"end":{"line":11,"column":14}},{"start":{"line":11,"column":18},"end":{"line":11,"column":73}}],"line":11},"4":{"loc":{"start":{"line":15,"column":2},"end":{"line":17,"column":3}},"type":"if","locations":[{"start":{"line":15,"column":2},"end":{"line":17,"column":3}},{"start":{},"end":{}}],"line":15},"5":{"loc":{"start":{"line":19,"column":2},"end":{"line":24,"column":3}},"type":"if","locations":[{"start":{"line":19,"column":2},"end":{"line":24,"column":3}},{"start":{},"end":{}}],"line":19},"6":{"loc":{"start":{"line":19,"column":6},"end":{"line":19,"column":94}},"type":"binary-expr","locations":[{"start":{"line":19,"column":6},"end":{"line":19,"column":38}},{"start":{"line":19,"column":42},"end":{"line":19,"column":94}}],"line":19},"7":{"loc":{"start":{"line":37,"column":2},"end":{"line":39,"column":3}},"type":"if","locations":[{"start":{"line":37,"column":2},"end":{"line":39,"column":3}},{"start":{},"end":{}}],"line":37},"8":{"loc":{"start":{"line":37,"column":6},"end":{"line":37,"column":31}},"type":"binary-expr","locations":[{"start":{"line":37,"column":6},"end":{"line":37,"column":11}},{"start":{"line":37,"column":15},"end":{"line":37,"column":21}},{"start":{"line":37,"column":25},"end":{"line":37,"column":31}}],"line":37},"9":{"loc":{"start":{"line":41,"column":2},"end":{"line":43,"column":3}},"type":"if","locations":[{"start":{"line":41,"column":2},"end":{"line":43,"column":3}},{"start":{},"end":{}}],"line":41},"10":{"loc":{"start":{"line":51,"column":2},"end":{"line":51,"column":47}},"type":"if","locations":[{"start":{"line":51,"column":2},"end":{"line":51,"column":47}},{"start":{},"end":{}}],"line":51}},"s":{"0":1,"1":1,"2":1,"3":1,"4":0,"5":0,"6":0,"7":0,"8":0,"9":0,"10":0,"11":0,"12":0,"13":0,"14":0,"15":0,"16":0,"17":1,"18":2,"19":2,"20":1,"21":1,"22":1,"23":0,"24":0,"25":1,"26":0,"27":0,"28":0,"29":0,"30":1,"31":0,"32":0},"f":{"0":0,"1":2,"2":0,"3":0},"b":{"0":[0,0],"1":[0,0],"2":[0,0],"3":[0,0],"4":[0,0],"5":[0,0],"6":[0,0],"7":[1,1],"8":[2,2,1],"9":[1,0],"10":[0,0]},"_coverageSchema":"1a1c01bbd47fc00a2c39e90264f33305004495a9","hash":"4c45166c9d0e6761a8ba80aa31acc752ce57af56"}
,"/home/sabrina/ufv/INF221/educatoris/backend/src/controllers/ControladorDownload.js": {"path":"/home/sabrina/ufv/INF221/educatoris/backend/src/controllers/ControladorDownload.js","statementMap":{"0":{"start":{"line":1,"column":27},"end":{"line":1,"column":72}},"1":{"start":{"line":2,"column":24},"end":{"line":2,"column":69}},"2":{"start":{"line":4,"column":0},"end":{"line":19,"column":2}},"3":{"start":{"line":5,"column":19},"end":{"line":5,"column":82}},"4":{"start":{"line":7,"column":2},"end":{"line":7,"column":83}},"5":{"start":{"line":7,"column":17},"end":{"line":7,"column":83}},"6":{"start":{"line":8,"column":2},"end":{"line":8,"column":107}},"7":{"start":{"line":8,"column":35},"end":{"line":8,"column":107}},"8":{"start":{"line":10,"column":2},"end":{"line":18,"column":3}},"9":{"start":{"line":11,"column":21},"end":{"line":11,"column":82}},"10":{"start":{"line":12,"column":24},"end":{"line":12,"column":76}},"11":{"start":{"line":13,"column":4},"end":{"line":13,"column":53}},"12":{"start":{"line":14,"column":4},"end":{"line":14,"column":82}},"13":{"start":{"line":15,"column":4},"end":{"line":15,"column":23}},"14":{"start":{"line":17,"column":4},"end":{"line":17,"column":46}}},"fnMap":{"0":{"name":"(anonymous_0)","decl":{"start":{"line":4,"column":20},"end":{"line":4,"column":21}},"loc":{"start":{"line":4,"column":40},"end":{"line":19,"column":1}},"line":4}},"branchMap":{"0":{"loc":{"start":{"line":7,"column":2},"end":{"line":7,"column":83}},"type":"if","locations":[{"start":{"line":7,"column":2},"end":{"line":7,"column":83}},{"start":{},"end":{}}],"line":7},"1":{"loc":{"start":{"line":8,"column":2},"end":{"line":8,"column":107}},"type":"if","locations":[{"start":{"line":8,"column":2},"end":{"line":8,"column":107}},{"start":{},"end":{}}],"line":8}},"s":{"0":0,"1":0,"2":0,"3":0,"4":0,"5":0,"6":0,"7":0,"8":0,"9":0,"10":0,"11":0,"12":0,"13":0,"14":0},"f":{"0":0},"b":{"0":[0,0],"1":[0,0]}}
,"/home/sabrina/ufv/INF221/educatoris/backend/src/controllers/ControladorMaterial.js": {"path":"/home/sabrina/ufv/INF221/educatoris/backend/src/controllers/ControladorMaterial.js","statementMap":{"0":{"start":{"line":1,"column":24},"end":{"line":1,"column":69}},"1":{"start":{"line":2,"column":27},"end":{"line":2,"column":72}},"2":{"start":{"line":3,"column":30},"end":{"line":3,"column":78}},"3":{"start":{"line":5,"column":0},"end":{"line":8,"column":2}},"4":{"start":{"line":6,"column":20},"end":{"line":6,"column":89}},"5":{"start":{"line":7,"column":2},"end":{"line":7,"column":22}},"6":{"start":{"line":12,"column":14},"end":{"line":12,"column":58}},"7":{"start":{"line":13,"column":2},"end":{"line":16,"column":3}},"8":{"start":{"line":14,"column":4},"end":{"line":14,"column":66}},"9":{"start":{"line":15,"column":4},"end":{"line":15,"column":16}},"10":{"start":{"line":17,"column":2},"end":{"line":20,"column":3}},"11":{"start":{"line":18,"column":4},"end":{"line":18,"column":69}},"12":{"start":{"line":19,"column":4},"end":{"line":19,"column":16}},"13":{"start":{"line":21,"column":2},"end":{"line":24,"column":3}},"14":{"start":{"line":22,"column":4},"end":{"line":22,"column":85}},"15":{"start":{"line":23,"column":4},"end":{"line":23,"column":16}},"16":{"start":{"line":25,"column":2},"end":{"line":25,"column":13}},"17":{"start":{"line":31,"column":14},"end":{"line":31,"column":51}},"18":{"start":{"line":32,"column":2},"end":{"line":34,"column":3}},"19":{"start":{"line":33,"column":4},"end":{"line":33,"column":78}},"20":{"start":{"line":35,"column":18},"end":{"line":35,"column":90}},"21":{"start":{"line":36,"column":2},"end":{"line":38,"column":3}},"22":{"start":{"line":37,"column":4},"end":{"line":37,"column":89}},"23":{"start":{"line":39,"column":2},"end":{"line":39,"column":14}},"24":{"start":{"line":42,"column":0},"end":{"line":76,"column":2}},"25":{"start":{"line":43,"column":14},"end":{"line":43,"column":53}},"26":{"start":{"line":44,"column":2},"end":{"line":44,"column":19}},"27":{"start":{"line":44,"column":12},"end":{"line":44,"column":19}},"28":{"start":{"line":46,"column":2},"end":{"line":75,"column":3}},"29":{"start":{"line":48,"column":21},"end":{"line":48,"column":78}},"30":{"start":{"line":51,"column":4},"end":{"line":61,"column":5}},"31":{"start":{"line":52,"column":23},"end":{"line":52,"column":63}},"32":{"start":{"line":53,"column":6},"end":{"line":60,"column":7}},"33":{"start":{"line":54,"column":8},"end":{"line":59,"column":11}},"34":{"start":{"line":64,"column":4},"end":{"line":70,"column":5}},"35":{"start":{"line":65,"column":6},"end":{"line":69,"column":7}},"36":{"start":{"line":66,"column":8},"end":{"line":66,"column":70}},"37":{"start":{"line":68,"column":8},"end":{"line":68,"column":75}},"38":{"start":{"line":72,"column":4},"end":{"line":72,"column":61}},"39":{"start":{"line":74,"column":4},"end":{"line":74,"column":46}},"40":{"start":{"line":80,"column":0},"end":{"line":127,"column":2}},"41":{"start":{"line":81,"column":14},"end":{"line":81,"column":53}},"42":{"start":{"line":82,"column":2},"end":{"line":82,"column":19}},"43":{"start":{"line":82,"column":12},"end":{"line":82,"column":19}},"44":{"start":{"line":85,"column":2},"end":{"line":89,"column":3}},"45":{"start":{"line":86,"column":4},"end":{"line":86,"column":73}},"46":{"start":{"line":88,"column":4},"end":{"line":88,"column":53}},"47":{"start":{"line":92,"column":2},"end":{"line":94,"column":3}},"48":{"start":{"line":93,"column":4},"end":{"line":93,"column":68}},"49":{"start":{"line":96,"column":2},"end":{"line":98,"column":3}},"50":{"start":{"line":97,"column":4},"end":{"line":97,"column":97}},"51":{"start":{"line":100,"column":19},"end":{"line":100,"column":59}},"52":{"start":{"line":101,"column":2},"end":{"line":108,"column":3}},"53":{"start":{"line":102,"column":4},"end":{"line":107,"column":7}},"54":{"start":{"line":111,"column":2},"end":{"line":118,"column":3}},"55":{"start":{"line":112,"column":4},"end":{"line":112,"column":72}},"56":{"start":{"line":114,"column":4},"end":{"line":116,"column":5}},"57":{"start":{"line":115,"column":6},"end":{"line":115,"column":102}},"58":{"start":{"line":117,"column":4},"end":{"line":117,"column":12}},"59":{"start":{"line":120,"column":2},"end":{"line":124,"column":3}},"60":{"start":{"line":121,"column":4},"end":{"line":121,"column":66}},"61":{"start":{"line":123,"column":4},"end":{"line":123,"column":71}},"62":{"start":{"line":126,"column":2},"end":{"line":126,"column":69}},"63":{"start":{"line":130,"column":0},"end":{"line":139,"column":2}},"64":{"start":{"line":131,"column":14},"end":{"line":131,"column":53}},"65":{"start":{"line":132,"column":2},"end":{"line":132,"column":19}},"66":{"start":{"line":132,"column":12},"end":{"line":132,"column":19}},"67":{"start":{"line":134,"column":19},"end":{"line":134,"column":74}},"68":{"start":{"line":135,"column":2},"end":{"line":137,"column":3}},"69":{"start":{"line":136,"column":4},"end":{"line":136,"column":108}},"70":{"start":{"line":138,"column":2},"end":{"line":138,"column":25}},"71":{"start":{"line":142,"column":0},"end":{"line":148,"column":2}},"72":{"start":{"line":143,"column":14},"end":{"line":143,"column":53}},"73":{"start":{"line":144,"column":2},"end":{"line":144,"column":19}},"74":{"start":{"line":144,"column":12},"end":{"line":144,"column":19}},"75":{"start":{"line":146,"column":2},"end":{"line":146,"column":60}},"76":{"start":{"line":147,"column":2},"end":{"line":147,"column":65}},"77":{"start":{"line":151,"column":0},"end":{"line":181,"column":2}},"78":{"start":{"line":152,"column":14},"end":{"line":152,"column":53}},"79":{"start":{"line":153,"column":2},"end":{"line":153,"column":19}},"80":{"start":{"line":153,"column":12},"end":{"line":153,"column":19}},"81":{"start":{"line":156,"column":18},"end":{"line":156,"column":22}},"82":{"start":{"line":157,"column":15},"end":{"line":157,"column":19}},"83":{"start":{"line":158,"column":2},"end":{"line":163,"column":3}},"84":{"start":{"line":159,"column":4},"end":{"line":159,"column":62}},"85":{"start":{"line":161,"column":4},"end":{"line":161,"column":22}},"86":{"start":{"line":162,"column":4},"end":{"line":162,"column":23}},"87":{"start":{"line":165,"column":2},"end":{"line":167,"column":3}},"88":{"start":{"line":166,"column":4},"end":{"line":166,"column":76}},"89":{"start":{"line":170,"column":19},"end":{"line":170,"column":59}},"90":{"start":{"line":172,"column":2},"end":{"line":180,"column":5}},"91":{"start":{"line":184,"column":0},"end":{"line":198,"column":2}},"92":{"start":{"line":185,"column":14},"end":{"line":185,"column":53}},"93":{"start":{"line":186,"column":2},"end":{"line":186,"column":19}},"94":{"start":{"line":186,"column":12},"end":{"line":186,"column":19}},"95":{"start":{"line":188,"column":16},"end":{"line":188,"column":40}},"96":{"start":{"line":189,"column":19},"end":{"line":195,"column":5}},"97":{"start":{"line":189,"column":81},"end":{"line":195,"column":3}},"98":{"start":{"line":197,"column":2},"end":{"line":197,"column":47}},"99":{"start":{"line":202,"column":2},"end":{"line":202,"column":77}},"100":{"start":{"line":202,"column":23},"end":{"line":202,"column":77}},"101":{"start":{"line":204,"column":19},"end":{"line":204,"column":35}},"102":{"start":{"line":205,"column":16},"end":{"line":205,"column":29}},"103":{"start":{"line":206,"column":2},"end":{"line":206,"column":75}},"104":{"start":{"line":206,"column":39},"end":{"line":206,"column":75}},"105":{"start":{"line":207,"column":2},"end":{"line":207,"column":88}},"106":{"start":{"line":207,"column":25},"end":{"line":207,"column":88}},"107":{"start":{"line":208,"column":2},"end":{"line":208,"column":93}},"108":{"start":{"line":208,"column":27},"end":{"line":208,"column":93}},"109":{"start":{"line":210,"column":2},"end":{"line":210,"column":76}},"110":{"start":{"line":214,"column":0},"end":{"line":244,"column":2}},"111":{"start":{"line":215,"column":14},"end":{"line":215,"column":53}},"112":{"start":{"line":216,"column":2},"end":{"line":216,"column":19}},"113":{"start":{"line":216,"column":12},"end":{"line":216,"column":19}},"114":{"start":{"line":218,"column":2},"end":{"line":220,"column":3}},"115":{"start":{"line":219,"column":4},"end":{"line":219,"column":93}},"116":{"start":{"line":221,"column":2},"end":{"line":223,"column":3}},"117":{"start":{"line":222,"column":4},"end":{"line":222,"column":89}},"118":{"start":{"line":225,"column":38},"end":{"line":225,"column":82}},"119":{"start":{"line":226,"column":2},"end":{"line":226,"column":50}},"120":{"start":{"line":226,"column":12},"end":{"line":226,"column":50}},"121":{"start":{"line":228,"column":2},"end":{"line":233,"column":3}},"122":{"start":{"line":230,"column":4},"end":{"line":230,"column":62}},"123":{"start":{"line":232,"column":4},"end":{"line":232,"column":53}},"124":{"start":{"line":235,"column":19},"end":{"line":235,"column":82}},"125":{"start":{"line":236,"column":2},"end":{"line":240,"column":3}},"126":{"start":{"line":237,"column":4},"end":{"line":239,"column":7}},"127":{"start":{"line":242,"column":13},"end":{"line":242,"column":90}},"128":{"start":{"line":243,"column":2},"end":{"line":243,"column":96}},"129":{"start":{"line":247,"column":0},"end":{"line":258,"column":2}},"130":{"start":{"line":248,"column":16},"end":{"line":248,"column":40}},"131":{"start":{"line":249,"column":19},"end":{"line":256,"column":5}},"132":{"start":{"line":249,"column":100},"end":{"line":256,"column":3}},"133":{"start":{"line":257,"column":2},"end":{"line":257,"column":21}},"134":{"start":{"line":261,"column":0},"end":{"line":280,"column":2}},"135":{"start":{"line":262,"column":20},"end":{"line":262,"column":50}},"136":{"start":{"line":263,"column":18},"end":{"line":263,"column":69}},"137":{"start":{"line":264,"column":2},"end":{"line":264,"column":81}},"138":{"start":{"line":264,"column":16},"end":{"line":264,"column":81}},"139":{"start":{"line":265,"column":2},"end":{"line":267,"column":3}},"140":{"start":{"line":266,"column":4},"end":{"line":266,"column":90}},"141":{"start":{"line":269,"column":38},"end":{"line":269,"column":82}},"142":{"start":{"line":270,"column":2},"end":{"line":270,"column":50}},"143":{"start":{"line":270,"column":12},"end":{"line":270,"column":50}},"144":{"start":{"line":273,"column":19},"end":{"line":273,"column":101}},"145":{"start":{"line":274,"column":2},"end":{"line":276,"column":3}},"146":{"start":{"line":275,"column":4},"end":{"line":275,"column":112}},"147":{"start":{"line":278,"column":2},"end":{"line":278,"column":71}},"148":{"start":{"line":279,"column":2},"end":{"line":279,"column":80}},"149":{"start":{"line":283,"column":0},"end":{"line":293,"column":2}},"150":{"start":{"line":284,"column":20},"end":{"line":284,"column":50}},"151":{"start":{"line":285,"column":18},"end":{"line":285,"column":69}},"152":{"start":{"line":286,"column":2},"end":{"line":286,"column":81}},"153":{"start":{"line":286,"column":16},"end":{"line":286,"column":81}},"154":{"start":{"line":287,"column":2},"end":{"line":289,"column":3}},"155":{"start":{"line":288,"column":4},"end":{"line":288,"column":91}},"156":{"start":{"line":291,"column":2},"end":{"line":291,"column":50}},"157":{"start":{"line":292,"column":2},"end":{"line":292,"column":47}}},"fnMap":{"0":{"name":"(anonymous_0)","decl":{"start":{"line":5,"column":24},"end":{"line":5,"column":25}},"loc":{"start":{"line":5,"column":38},"end":{"line":8,"column":1}},"line":5},"1":{"name":"carregarLaboratorio","decl":{"start":{"line":11,"column":9},"end":{"line":11,"column":28}},"loc":{"start":{"line":11,"column":38},"end":{"line":26,"column":1}},"line":11},"2":{"name":"ocupacaoPorOutro","decl":{"start":{"line":30,"column":9},"end":{"line":30,"column":25}},"loc":{"start":{"line":30,"column":44},"end":{"line":40,"column":1}},"line":30},"3":{"name":"(anonymous_3)","decl":{"start":{"line":42,"column":29},"end":{"line":42,"column":30}},"loc":{"start":{"line":42,"column":43},"end":{"line":76,"column":1}},"line":42},"4":{"name":"(anonymous_4)","decl":{"start":{"line":80,"column":32},"end":{"line":80,"column":33}},"loc":{"start":{"line":80,"column":46},"end":{"line":127,"column":1}},"line":80},"5":{"name":"(anonymous_5)","decl":{"start":{"line":130,"column":31},"end":{"line":130,"column":32}},"loc":{"start":{"line":130,"column":45},"end":{"line":139,"column":1}},"line":130},"6":{"name":"(anonymous_6)","decl":{"start":{"line":142,"column":33},"end":{"line":142,"column":34}},"loc":{"start":{"line":142,"column":47},"end":{"line":148,"column":1}},"line":142},"7":{"name":"(anonymous_7)","decl":{"start":{"line":151,"column":37},"end":{"line":151,"column":38}},"loc":{"start":{"line":151,"column":51},"end":{"line":181,"column":1}},"line":151},"8":{"name":"(anonymous_8)","decl":{"start":{"line":184,"column":36},"end":{"line":184,"column":37}},"loc":{"start":{"line":184,"column":50},"end":{"line":198,"column":1}},"line":184},"9":{"name":"(anonymous_9)","decl":{"start":{"line":189,"column":75},"end":{"line":189,"column":76}},"loc":{"start":{"line":189,"column":81},"end":{"line":195,"column":3}},"line":189},"10":{"name":"validarJanela","decl":{"start":{"line":201,"column":9},"end":{"line":201,"column":22}},"loc":{"start":{"line":201,"column":36},"end":{"line":211,"column":1}},"line":201},"11":{"name":"(anonymous_11)","decl":{"start":{"line":214,"column":30},"end":{"line":214,"column":31}},"loc":{"start":{"line":214,"column":44},"end":{"line":244,"column":1}},"line":214},"12":{"name":"(anonymous_12)","decl":{"start":{"line":247,"column":25},"end":{"line":247,"column":26}},"loc":{"start":{"line":247,"column":39},"end":{"line":258,"column":1}},"line":247},"13":{"name":"(anonymous_13)","decl":{"start":{"line":249,"column":94},"end":{"line":249,"column":95}},"loc":{"start":{"line":249,"column":100},"end":{"line":256,"column":3}},"line":249},"14":{"name":"(anonymous_14)","decl":{"start":{"line":261,"column":27},"end":{"line":261,"column":28}},"loc":{"start":{"line":261,"column":41},"end":{"line":280,"column":1}},"line":261},"15":{"name":"(anonymous_15)","decl":{"start":{"line":283,"column":25},"end":{"line":283,"column":26}},"loc":{"start":{"line":283,"column":39},"end":{"line":293,"column":1}},"line":283}},"branchMap":{"0":{"loc":{"start":{"line":13,"column":2},"end":{"line":16,"column":3}},"type":"if","locations":[{"start":{"line":13,"column":2},"end":{"line":16,"column":3}},{"start":{},"end":{}}],"line":13},"1":{"loc":{"start":{"line":17,"column":2},"end":{"line":20,"column":3}},"type":"if","locations":[{"start":{"line":17,"column":2},"end":{"line":20,"column":3}},{"start":{},"end":{}}],"line":17},"2":{"loc":{"start":{"line":21,"column":2},"end":{"line":24,"column":3}},"type":"if","locations":[{"start":{"line":21,"column":2},"end":{"line":24,"column":3}},{"start":{},"end":{}}],"line":21},"3":{"loc":{"start":{"line":32,"column":2},"end":{"line":34,"column":3}},"type":"if","locations":[{"start":{"line":32,"column":2},"end":{"line":34,"column":3}},{"start":{},"end":{}}],"line":32},"4":{"loc":{"start":{"line":32,"column":6},"end":{"line":32,"column":43}},"type":"binary-expr","locations":[{"start":{"line":32,"column":6},"end":{"line":32,"column":9}},{"start":{"line":32,"column":13},"end":{"line":32,"column":43}}],"line":32},"5":{"loc":{"start":{"line":36,"column":2},"end":{"line":38,"column":3}},"type":"if","locations":[{"start":{"line":36,"column":2},"end":{"line":38,"column":3}},{"start":{},"end":{}}],"line":36},"6":{"loc":{"start":{"line":36,"column":6},"end":{"line":36,"column":51}},"type":"binary-expr","locations":[{"start":{"line":36,"column":6},"end":{"line":36,"column":13}},{"start":{"line":36,"column":17},"end":{"line":36,"column":51}}],"line":36},"7":{"loc":{"start":{"line":44,"column":2},"end":{"line":44,"column":19}},"type":"if","locations":[{"start":{"line":44,"column":2},"end":{"line":44,"column":19}},{"start":{},"end":{}}],"line":44},"8":{"loc":{"start":{"line":51,"column":4},"end":{"line":61,"column":5}},"type":"if","locations":[{"start":{"line":51,"column":4},"end":{"line":61,"column":5}},{"start":{},"end":{}}],"line":51},"9":{"loc":{"start":{"line":53,"column":6},"end":{"line":60,"column":7}},"type":"if","locations":[{"start":{"line":53,"column":6},"end":{"line":60,"column":7}},{"start":{},"end":{}}],"line":53},"10":{"loc":{"start":{"line":55,"column":16},"end":{"line":57,"column":107}},"type":"cond-expr","locations":[{"start":{"line":56,"column":14},"end":{"line":56,"column":102}},{"start":{"line":57,"column":14},"end":{"line":57,"column":107}}],"line":55},"11":{"loc":{"start":{"line":64,"column":4},"end":{"line":70,"column":5}},"type":"if","locations":[{"start":{"line":64,"column":4},"end":{"line":70,"column":5}},{"start":{},"end":{}}],"line":64},"12":{"loc":{"start":{"line":82,"column":2},"end":{"line":82,"column":19}},"type":"if","locations":[{"start":{"line":82,"column":2},"end":{"line":82,"column":19}},{"start":{},"end":{}}],"line":82},"13":{"loc":{"start":{"line":92,"column":2},"end":{"line":94,"column":3}},"type":"if","locations":[{"start":{"line":92,"column":2},"end":{"line":94,"column":3}},{"start":{},"end":{}}],"line":92},"14":{"loc":{"start":{"line":96,"column":2},"end":{"line":98,"column":3}},"type":"if","locations":[{"start":{"line":96,"column":2},"end":{"line":98,"column":3}},{"start":{},"end":{}}],"line":96},"15":{"loc":{"start":{"line":101,"column":2},"end":{"line":108,"column":3}},"type":"if","locations":[{"start":{"line":101,"column":2},"end":{"line":108,"column":3}},{"start":{},"end":{}}],"line":101},"16":{"loc":{"start":{"line":103,"column":12},"end":{"line":105,"column":80}},"type":"cond-expr","locations":[{"start":{"line":104,"column":10},"end":{"line":104,"column":68}},{"start":{"line":105,"column":10},"end":{"line":105,"column":80}}],"line":103},"17":{"loc":{"start":{"line":114,"column":4},"end":{"line":116,"column":5}},"type":"if","locations":[{"start":{"line":114,"column":4},"end":{"line":116,"column":5}},{"start":{},"end":{}}],"line":114},"18":{"loc":{"start":{"line":132,"column":2},"end":{"line":132,"column":19}},"type":"if","locations":[{"start":{"line":132,"column":2},"end":{"line":132,"column":19}},{"start":{},"end":{}}],"line":132},"19":{"loc":{"start":{"line":135,"column":2},"end":{"line":137,"column":3}},"type":"if","locations":[{"start":{"line":135,"column":2},"end":{"line":137,"column":3}},{"start":{},"end":{}}],"line":135},"20":{"loc":{"start":{"line":144,"column":2},"end":{"line":144,"column":19}},"type":"if","locations":[{"start":{"line":144,"column":2},"end":{"line":144,"column":19}},{"start":{},"end":{}}],"line":144},"21":{"loc":{"start":{"line":153,"column":2},"end":{"line":153,"column":19}},"type":"if","locations":[{"start":{"line":153,"column":2},"end":{"line":153,"column":19}},{"start":{},"end":{}}],"line":153},"22":{"loc":{"start":{"line":165,"column":2},"end":{"line":167,"column":3}},"type":"if","locations":[{"start":{"line":165,"column":2},"end":{"line":167,"column":3}},{"start":{},"end":{}}],"line":165},"23":{"loc":{"start":{"line":177,"column":14},"end":{"line":179,"column":12}},"type":"cond-expr","locations":[{"start":{"line":178,"column":8},"end":{"line":178,"column":81}},{"start":{"line":179,"column":8},"end":{"line":179,"column":12}}],"line":177},"24":{"loc":{"start":{"line":186,"column":2},"end":{"line":186,"column":19}},"type":"if","locations":[{"start":{"line":186,"column":2},"end":{"line":186,"column":19}},{"start":{},"end":{}}],"line":186},"25":{"loc":{"start":{"line":202,"column":2},"end":{"line":202,"column":77}},"type":"if","locations":[{"start":{"line":202,"column":2},"end":{"line":202,"column":77}},{"start":{},"end":{}}],"line":202},"26":{"loc":{"start":{"line":202,"column":6},"end":{"line":202,"column":21}},"type":"binary-expr","locations":[{"start":{"line":202,"column":6},"end":{"line":202,"column":13}},{"start":{"line":202,"column":17},"end":{"line":202,"column":21}}],"line":202},"27":{"loc":{"start":{"line":206,"column":2},"end":{"line":206,"column":75}},"type":"if","locations":[{"start":{"line":206,"column":2},"end":{"line":206,"column":75}},{"start":{},"end":{}}],"line":206},"28":{"loc":{"start":{"line":206,"column":6},"end":{"line":206,"column":37}},"type":"binary-expr","locations":[{"start":{"line":206,"column":6},"end":{"line":206,"column":21}},{"start":{"line":206,"column":25},"end":{"line":206,"column":37}}],"line":206},"29":{"loc":{"start":{"line":207,"column":2},"end":{"line":207,"column":88}},"type":"if","locations":[{"start":{"line":207,"column":2},"end":{"line":207,"column":88}},{"start":{},"end":{}}],"line":207},"30":{"loc":{"start":{"line":208,"column":2},"end":{"line":208,"column":93}},"type":"if","locations":[{"start":{"line":208,"column":2},"end":{"line":208,"column":93}},{"start":{},"end":{}}],"line":208},"31":{"loc":{"start":{"line":216,"column":2},"end":{"line":216,"column":19}},"type":"if","locations":[{"start":{"line":216,"column":2},"end":{"line":216,"column":19}},{"start":{},"end":{}}],"line":216},"32":{"loc":{"start":{"line":218,"column":2},"end":{"line":220,"column":3}},"type":"if","locations":[{"start":{"line":218,"column":2},"end":{"line":220,"column":3}},{"start":{},"end":{}}],"line":218},"33":{"loc":{"start":{"line":221,"column":2},"end":{"line":223,"column":3}},"type":"if","locations":[{"start":{"line":221,"column":2},"end":{"line":223,"column":3}},{"start":{},"end":{}}],"line":221},"34":{"loc":{"start":{"line":226,"column":2},"end":{"line":226,"column":50}},"type":"if","locations":[{"start":{"line":226,"column":2},"end":{"line":226,"column":50}},{"start":{},"end":{}}],"line":226},"35":{"loc":{"start":{"line":236,"column":2},"end":{"line":240,"column":3}},"type":"if","locations":[{"start":{"line":236,"column":2},"end":{"line":240,"column":3}},{"start":{},"end":{}}],"line":236},"36":{"loc":{"start":{"line":264,"column":2},"end":{"line":264,"column":81}},"type":"if","locations":[{"start":{"line":264,"column":2},"end":{"line":264,"column":81}},{"start":{},"end":{}}],"line":264},"37":{"loc":{"start":{"line":265,"column":2},"end":{"line":267,"column":3}},"type":"if","locations":[{"start":{"line":265,"column":2},"end":{"line":267,"column":3}},{"start":{},"end":{}}],"line":265},"38":{"loc":{"start":{"line":270,"column":2},"end":{"line":270,"column":50}},"type":"if","locations":[{"start":{"line":270,"column":2},"end":{"line":270,"column":50}},{"start":{},"end":{}}],"line":270},"39":{"loc":{"start":{"line":274,"column":2},"end":{"line":276,"column":3}},"type":"if","locations":[{"start":{"line":274,"column":2},"end":{"line":276,"column":3}},{"start":{},"end":{}}],"line":274},"40":{"loc":{"start":{"line":286,"column":2},"end":{"line":286,"column":81}},"type":"if","locations":[{"start":{"line":286,"column":2},"end":{"line":286,"column":81}},{"start":{},"end":{}}],"line":286},"41":{"loc":{"start":{"line":287,"column":2},"end":{"line":289,"column":3}},"type":"if","locations":[{"start":{"line":287,"column":2},"end":{"line":289,"column":3}},{"start":{},"end":{}}],"line":287}},"s":{"0":1,"1":1,"2":1,"3":1,"4":0,"5":0,"6":22,"7":22,"8":1,"9":1,"10":21,"11":0,"12":0,"13":21,"14":0,"15":0,"16":21,"17":11,"18":11,"19":3,"20":8,"21":8,"22":0,"23":8,"24":1,"25":5,"26":5,"27":1,"28":4,"29":4,"30":2,"31":2,"32":2,"33":1,"34":1,"35":1,"36":1,"37":0,"38":1,"39":2,"40":1,"41":6,"42":6,"43":0,"44":6,"45":6,"46":0,"47":6,"48":0,"49":6,"50":0,"51":6,"52":6,"53":1,"54":5,"55":5,"56":0,"57":0,"58":0,"59":5,"60":5,"61":0,"62":5,"63":1,"64":2,"65":2,"66":0,"67":2,"68":2,"69":1,"70":1,"71":1,"72":1,"73":1,"74":0,"75":1,"76":1,"77":1,"78":3,"79":3,"80":0,"81":3,"82":3,"83":3,"84":3,"85":1,"86":1,"87":3,"88":0,"89":3,"90":3,"91":1,"92":0,"93":0,"94":0,"95":0,"96":0,"97":0,"98":0,"99":7,"100":0,"101":7,"102":7,"103":7,"104":0,"105":7,"106":2,"107":5,"108":1,"109":4,"110":1,"111":5,"112":5,"113":0,"114":5,"115":0,"116":5,"117":0,"118":5,"119":5,"120":2,"121":3,"122":3,"123":1,"124":2,"125":2,"126":1,"127":1,"128":1,"129":1,"130":1,"131":1,"132":1,"133":1,"134":1,"135":4,"136":4,"137":4,"138":1,"139":3,"140":1,"141":2,"142":2,"143":1,"144":1,"145":1,"146":0,"147":1,"148":1,"149":1,"150":3,"151":3,"152":3,"153":1,"154":2,"155":1,"156":1,"157":1},"f":{"0":0,"1":22,"2":11,"3":5,"4":6,"5":2,"6":1,"7":3,"8":0,"9":0,"10":7,"11":5,"12":1,"13":1,"14":4,"15":3},"b":{"0":[1,21],"1":[0,21],"2":[0,21],"3":[3,8],"4":[11,3],"5":[0,8],"6":[8,0],"7":[1,4],"8":[2,0],"9":[1,1],"10":[1,0],"11":[1,0],"12":[0,6],"13":[0,6],"14":[0,6],"15":[1,5],"16":[1,0],"17":[0,0],"18":[0,2],"19":[1,1],"20":[0,1],"21":[0,3],"22":[0,3],"23":[1,2],"24":[0,0],"25":[0,7],"26":[7,7],"27":[0,7],"28":[7,7],"29":[2,5],"30":[1,4],"31":[0,5],"32":[0,5],"33":[0,5],"34":[2,3],"35":[1,1],"36":[1,3],"37":[1,2],"38":[1,1],"39":[0,1],"40":[1,2],"41":[1,1]},"_coverageSchema":"1a1c01bbd47fc00a2c39e90264f33305004495a9","hash":"fde3b18bce5ba1150e5f230483c6ee467ddfb9f0"}
,"/home/sabrina/ufv/INF221/educatoris/backend/src/controllers/ControladorNavegacao.js": {"path":"/home/sabrina/ufv/INF221/educatoris/backend/src/controllers/ControladorNavegacao.js","statementMap":{"0":{"start":{"line":1,"column":24},"end":{"line":1,"column":69}},"1":{"start":{"line":3,"column":0},"end":{"line":8,"column":2}},"2":{"start":{"line":4,"column":14},"end":{"line":4,"column":38}},"3":{"start":{"line":5,"column":2},"end":{"line":5,"column":102}},"4":{"start":{"line":5,"column":32},"end":{"line":5,"column":102}},"5":{"start":{"line":7,"column":2},"end":{"line":7,"column":51}},"6":{"start":{"line":10,"column":0},"end":{"line":15,"column":2}},"7":{"start":{"line":11,"column":16},"end":{"line":11,"column":25}},"8":{"start":{"line":12,"column":2},"end":{"line":12,"column":91}},"9":{"start":{"line":12,"column":18},"end":{"line":12,"column":91}},"10":{"start":{"line":14,"column":2},"end":{"line":14,"column":50}},"11":{"start":{"line":17,"column":0},"end":{"line":19,"column":2}},"12":{"start":{"line":18,"column":2},"end":{"line":18,"column":69}}},"fnMap":{"0":{"name":"(anonymous_0)","decl":{"start":{"line":3,"column":23},"end":{"line":3,"column":24}},"loc":{"start":{"line":3,"column":37},"end":{"line":8,"column":1}},"line":3},"1":{"name":"(anonymous_1)","decl":{"start":{"line":10,"column":17},"end":{"line":10,"column":18}},"loc":{"start":{"line":10,"column":31},"end":{"line":15,"column":1}},"line":10},"2":{"name":"(anonymous_2)","decl":{"start":{"line":17,"column":33},"end":{"line":17,"column":34}},"loc":{"start":{"line":17,"column":47},"end":{"line":19,"column":1}},"line":17}},"branchMap":{"0":{"loc":{"start":{"line":5,"column":2},"end":{"line":5,"column":102}},"type":"if","locations":[{"start":{"line":5,"column":2},"end":{"line":5,"column":102}},{"start":{},"end":{}}],"line":5},"1":{"loc":{"start":{"line":12,"column":2},"end":{"line":12,"column":91}},"type":"if","locations":[{"start":{"line":12,"column":2},"end":{"line":12,"column":91}},{"start":{},"end":{}}],"line":12}},"s":{"0":1,"1":1,"2":2,"3":2,"4":1,"5":1,"6":1,"7":2,"8":2,"9":1,"10":1,"11":1,"12":1},"f":{"0":2,"1":2,"2":1},"b":{"0":[1,1],"1":[1,1]},"_coverageSchema":"1a1c01bbd47fc00a2c39e90264f33305004495a9","hash":"e9eb1f4390b0416e16cfba94354a438ef3f59cfd"}
,"/home/sabrina/ufv/INF221/educatoris/backend/src/controllers/ControladorPlano.js": {"path":"/home/sabrina/ufv/INF221/educatoris/backend/src/controllers/ControladorPlano.js","statementMap":{"0":{"start":{"line":1,"column":24},"end":{"line":1,"column":66}},"1":{"start":{"line":3,"column":0},"end":{"line":5,"column":2}},"2":{"start":{"line":4,"column":2},"end":{"line":4,"column":43}},"3":{"start":{"line":7,"column":0},"end":{"line":10,"column":2}},"4":{"start":{"line":8,"column":16},"end":{"line":8,"column":66}},"5":{"start":{"line":9,"column":2},"end":{"line":9,"column":63}},"6":{"start":{"line":12,"column":0},"end":{"line":30,"column":2}},"7":{"start":{"line":13,"column":22},"end":{"line":13,"column":30}},"8":{"start":{"line":14,"column":2},"end":{"line":14,"column":82}},"9":{"start":{"line":14,"column":16},"end":{"line":14,"column":82}},"10":{"start":{"line":16,"column":16},"end":{"line":16,"column":52}},"11":{"start":{"line":17,"column":2},"end":{"line":17,"column":77}},"12":{"start":{"line":17,"column":14},"end":{"line":17,"column":77}},"13":{"start":{"line":19,"column":21},"end":{"line":19,"column":71}},"14":{"start":{"line":20,"column":2},"end":{"line":22,"column":3}},"15":{"start":{"line":21,"column":4},"end":{"line":21,"column":71}},"16":{"start":{"line":24,"column":25},"end":{"line":26,"column":18}},"17":{"start":{"line":28,"column":23},"end":{"line":28,"column":87}},"18":{"start":{"line":29,"column":2},"end":{"line":29,"column":100}}},"fnMap":{"0":{"name":"(anonymous_0)","decl":{"start":{"line":3,"column":17},"end":{"line":3,"column":18}},"loc":{"start":{"line":3,"column":32},"end":{"line":5,"column":1}},"line":3},"1":{"name":"(anonymous_1)","decl":{"start":{"line":7,"column":19},"end":{"line":7,"column":20}},"loc":{"start":{"line":7,"column":33},"end":{"line":10,"column":1}},"line":7},"2":{"name":"(anonymous_2)","decl":{"start":{"line":12,"column":18},"end":{"line":12,"column":19}},"loc":{"start":{"line":12,"column":32},"end":{"line":30,"column":1}},"line":12}},"branchMap":{"0":{"loc":{"start":{"line":9,"column":11},"end":{"line":9,"column":61}},"type":"binary-expr","locations":[{"start":{"line":9,"column":11},"end":{"line":9,"column":16}},{"start":{"line":9,"column":20},"end":{"line":9,"column":61}}],"line":9},"1":{"loc":{"start":{"line":14,"column":2},"end":{"line":14,"column":82}},"type":"if","locations":[{"start":{"line":14,"column":2},"end":{"line":14,"column":82}},{"start":{},"end":{}}],"line":14},"2":{"loc":{"start":{"line":17,"column":2},"end":{"line":17,"column":77}},"type":"if","locations":[{"start":{"line":17,"column":2},"end":{"line":17,"column":77}},{"start":{},"end":{}}],"line":17},"3":{"loc":{"start":{"line":20,"column":2},"end":{"line":22,"column":3}},"type":"if","locations":[{"start":{"line":20,"column":2},"end":{"line":22,"column":3}},{"start":{},"end":{}}],"line":20},"4":{"loc":{"start":{"line":20,"column":6},"end":{"line":20,"column":45}},"type":"binary-expr","locations":[{"start":{"line":20,"column":6},"end":{"line":20,"column":16}},{"start":{"line":20,"column":20},"end":{"line":20,"column":45}}],"line":20}},"s":{"0":1,"1":1,"2":1,"3":1,"4":1,"5":1,"6":1,"7":4,"8":4,"9":1,"10":3,"11":3,"12":1,"13":2,"14":2,"15":1,"16":1,"17":1,"18":1},"f":{"0":1,"1":1,"2":4},"b":{"0":[1,1],"1":[1,3],"2":[1,2],"3":[1,1],"4":[2,2]},"_coverageSchema":"1a1c01bbd47fc00a2c39e90264f33305004495a9","hash":"f078945d4d3faeb771a3f1e036ca9f368ccaa8da"}
,"/home/sabrina/ufv/INF221/educatoris/backend/src/controllers/ControladorUsuarios.js": {"path":"/home/sabrina/ufv/INF221/educatoris/backend/src/controllers/ControladorUsuarios.js","statementMap":{"0":{"start":{"line":1,"column":26},"end":{"line":1,"column":70}},"1":{"start":{"line":2,"column":24},"end":{"line":2,"column":66}},"2":{"start":{"line":3,"column":27},"end":{"line":3,"column":72}},"3":{"start":{"line":4,"column":20},"end":{"line":4,"column":64}},"4":{"start":{"line":6,"column":0},"end":{"line":8,"column":2}},"5":{"start":{"line":7,"column":2},"end":{"line":7,"column":50}},"6":{"start":{"line":10,"column":0},"end":{"line":24,"column":2}},"7":{"start":{"line":11,"column":20},"end":{"line":11,"column":28}},"8":{"start":{"line":12,"column":13},"end":{"line":12,"column":36}},"9":{"start":{"line":14,"column":2},"end":{"line":14,"column":112}},"10":{"start":{"line":14,"column":34},"end":{"line":14,"column":112}},"11":{"start":{"line":16,"column":2},"end":{"line":16,"column":45}},"12":{"start":{"line":18,"column":2},"end":{"line":21,"column":3}},"13":{"start":{"line":19,"column":24},"end":{"line":19,"column":49}},"14":{"start":{"line":20,"column":4},"end":{"line":20,"column":41}},"15":{"start":{"line":23,"column":2},"end":{"line":23,"column":89}},"16":{"start":{"line":26,"column":0},"end":{"line":28,"column":2}},"17":{"start":{"line":27,"column":2},"end":{"line":27,"column":42}},"18":{"start":{"line":30,"column":0},"end":{"line":42,"column":2}},"19":{"start":{"line":31,"column":133},"end":{"line":31,"column":141}},"20":{"start":{"line":32,"column":2},"end":{"line":34,"column":3}},"21":{"start":{"line":33,"column":4},"end":{"line":33,"column":88}},"22":{"start":{"line":36,"column":2},"end":{"line":38,"column":3}},"23":{"start":{"line":37,"column":4},"end":{"line":37,"column":81}},"24":{"start":{"line":40,"column":13},"end":{"line":40,"column":158}},"25":{"start":{"line":41,"column":2},"end":{"line":41,"column":70}},"26":{"start":{"line":44,"column":0},"end":{"line":58,"column":2}},"27":{"start":{"line":45,"column":133},"end":{"line":45,"column":141}},"28":{"start":{"line":46,"column":2},"end":{"line":48,"column":3}},"29":{"start":{"line":47,"column":4},"end":{"line":47,"column":88}},"30":{"start":{"line":50,"column":13},"end":{"line":50,"column":36}},"31":{"start":{"line":51,"column":19},"end":{"line":51,"column":58}},"32":{"start":{"line":52,"column":2},"end":{"line":54,"column":3}},"33":{"start":{"line":53,"column":4},"end":{"line":53,"column":84}},"34":{"start":{"line":56,"column":2},"end":{"line":56,"column":156}},"35":{"start":{"line":57,"column":2},"end":{"line":57,"column":58}},"36":{"start":{"line":60,"column":0},"end":{"line":63,"column":2}},"37":{"start":{"line":61,"column":2},"end":{"line":61,"column":51}},"38":{"start":{"line":62,"column":2},"end":{"line":62,"column":58}},"39":{"start":{"line":65,"column":0},"end":{"line":82,"column":2}},"40":{"start":{"line":66,"column":39},"end":{"line":66,"column":47}},"41":{"start":{"line":67,"column":2},"end":{"line":67,"column":127}},"42":{"start":{"line":67,"column":39},"end":{"line":67,"column":127}},"43":{"start":{"line":69,"column":16},"end":{"line":69,"column":57}},"44":{"start":{"line":70,"column":20},"end":{"line":74,"column":3}},"45":{"start":{"line":71,"column":4},"end":{"line":73,"column":42}},"46":{"start":{"line":76,"column":2},"end":{"line":78,"column":3}},"47":{"start":{"line":77,"column":4},"end":{"line":77,"column":97}},"48":{"start":{"line":80,"column":13},"end":{"line":80,"column":79}},"49":{"start":{"line":81,"column":2},"end":{"line":81,"column":65}},"50":{"start":{"line":84,"column":0},"end":{"line":97,"column":2}},"51":{"start":{"line":85,"column":63},"end":{"line":85,"column":71}},"52":{"start":{"line":86,"column":2},"end":{"line":88,"column":3}},"53":{"start":{"line":87,"column":4},"end":{"line":87,"column":97}},"54":{"start":{"line":90,"column":13},"end":{"line":90,"column":95}},"55":{"start":{"line":92,"column":2},"end":{"line":94,"column":93}},"56":{"start":{"line":92,"column":26},"end":{"line":92,"column":80}},"57":{"start":{"line":93,"column":7},"end":{"line":94,"column":93}},"58":{"start":{"line":93,"column":33},"end":{"line":93,"column":89}},"59":{"start":{"line":94,"column":7},"end":{"line":94,"column":93}},"60":{"start":{"line":94,"column":35},"end":{"line":94,"column":93}},"61":{"start":{"line":96,"column":2},"end":{"line":96,"column":65}},"62":{"start":{"line":99,"column":0},"end":{"line":105,"column":2}},"63":{"start":{"line":100,"column":37},"end":{"line":100,"column":45}},"64":{"start":{"line":101,"column":2},"end":{"line":101,"column":98}},"65":{"start":{"line":101,"column":23},"end":{"line":101,"column":98}},"66":{"start":{"line":103,"column":2},"end":{"line":103,"column":92}},"67":{"start":{"line":104,"column":2},"end":{"line":104,"column":61}},"68":{"start":{"line":107,"column":0},"end":{"line":110,"column":2}},"69":{"start":{"line":108,"column":2},"end":{"line":108,"column":55}},"70":{"start":{"line":109,"column":2},"end":{"line":109,"column":62}},"71":{"start":{"line":112,"column":0},"end":{"line":114,"column":2}},"72":{"start":{"line":113,"column":2},"end":{"line":113,"column":54}},"73":{"start":{"line":116,"column":0},"end":{"line":119,"column":2}},"74":{"start":{"line":117,"column":2},"end":{"line":117,"column":63}},"75":{"start":{"line":118,"column":2},"end":{"line":118,"column":48}},"76":{"start":{"line":121,"column":0},"end":{"line":124,"column":2}},"77":{"start":{"line":122,"column":2},"end":{"line":122,"column":64}},"78":{"start":{"line":123,"column":2},"end":{"line":123,"column":63}},"79":{"start":{"line":126,"column":0},"end":{"line":130,"column":2}},"80":{"start":{"line":127,"column":21},"end":{"line":127,"column":29}},"81":{"start":{"line":128,"column":2},"end":{"line":128,"column":77}},"82":{"start":{"line":129,"column":2},"end":{"line":129,"column":85}}},"fnMap":{"0":{"name":"(anonymous_0)","decl":{"start":{"line":6,"column":28},"end":{"line":6,"column":29}},"loc":{"start":{"line":6,"column":43},"end":{"line":8,"column":1}},"line":6},"1":{"name":"(anonymous_1)","decl":{"start":{"line":10,"column":24},"end":{"line":10,"column":25}},"loc":{"start":{"line":10,"column":38},"end":{"line":24,"column":1}},"line":10},"2":{"name":"(anonymous_2)","decl":{"start":{"line":26,"column":28},"end":{"line":26,"column":29}},"loc":{"start":{"line":26,"column":43},"end":{"line":28,"column":1}},"line":26},"3":{"name":"(anonymous_3)","decl":{"start":{"line":30,"column":21},"end":{"line":30,"column":22}},"loc":{"start":{"line":30,"column":35},"end":{"line":42,"column":1}},"line":30},"4":{"name":"(anonymous_4)","decl":{"start":{"line":44,"column":25},"end":{"line":44,"column":26}},"loc":{"start":{"line":44,"column":39},"end":{"line":58,"column":1}},"line":44},"5":{"name":"(anonymous_5)","decl":{"start":{"line":60,"column":23},"end":{"line":60,"column":24}},"loc":{"start":{"line":60,"column":37},"end":{"line":63,"column":1}},"line":60},"6":{"name":"(anonymous_6)","decl":{"start":{"line":65,"column":28},"end":{"line":65,"column":29}},"loc":{"start":{"line":65,"column":42},"end":{"line":82,"column":1}},"line":65},"7":{"name":"(anonymous_7)","decl":{"start":{"line":70,"column":31},"end":{"line":70,"column":32}},"loc":{"start":{"line":71,"column":4},"end":{"line":73,"column":42}},"line":71},"8":{"name":"(anonymous_8)","decl":{"start":{"line":84,"column":28},"end":{"line":84,"column":29}},"loc":{"start":{"line":84,"column":42},"end":{"line":97,"column":1}},"line":84},"9":{"name":"(anonymous_9)","decl":{"start":{"line":99,"column":25},"end":{"line":99,"column":26}},"loc":{"start":{"line":99,"column":39},"end":{"line":105,"column":1}},"line":99},"10":{"name":"(anonymous_10)","decl":{"start":{"line":107,"column":27},"end":{"line":107,"column":28}},"loc":{"start":{"line":107,"column":41},"end":{"line":110,"column":1}},"line":107},"11":{"name":"(anonymous_11)","decl":{"start":{"line":112,"column":26},"end":{"line":112,"column":27}},"loc":{"start":{"line":112,"column":41},"end":{"line":114,"column":1}},"line":112},"12":{"name":"(anonymous_12)","decl":{"start":{"line":116,"column":27},"end":{"line":116,"column":28}},"loc":{"start":{"line":116,"column":41},"end":{"line":119,"column":1}},"line":116},"13":{"name":"(anonymous_13)","decl":{"start":{"line":121,"column":26},"end":{"line":121,"column":27}},"loc":{"start":{"line":121,"column":40},"end":{"line":124,"column":1}},"line":121},"14":{"name":"(anonymous_14)","decl":{"start":{"line":126,"column":33},"end":{"line":126,"column":34}},"loc":{"start":{"line":126,"column":47},"end":{"line":130,"column":1}},"line":126}},"branchMap":{"0":{"loc":{"start":{"line":14,"column":2},"end":{"line":14,"column":112}},"type":"if","locations":[{"start":{"line":14,"column":2},"end":{"line":14,"column":112}},{"start":{},"end":{}}],"line":14},"1":{"loc":{"start":{"line":18,"column":2},"end":{"line":21,"column":3}},"type":"if","locations":[{"start":{"line":18,"column":2},"end":{"line":21,"column":3}},{"start":{},"end":{}}],"line":18},"2":{"loc":{"start":{"line":23,"column":34},"end":{"line":23,"column":70}},"type":"cond-expr","locations":[{"start":{"line":23,"column":42},"end":{"line":23,"column":56}},{"start":{"line":23,"column":59},"end":{"line":23,"column":70}}],"line":23},"3":{"loc":{"start":{"line":32,"column":2},"end":{"line":34,"column":3}},"type":"if","locations":[{"start":{"line":32,"column":2},"end":{"line":34,"column":3}},{"start":{},"end":{}}],"line":32},"4":{"loc":{"start":{"line":32,"column":6},"end":{"line":32,"column":59}},"type":"binary-expr","locations":[{"start":{"line":32,"column":6},"end":{"line":32,"column":13}},{"start":{"line":32,"column":17},"end":{"line":32,"column":36}},{"start":{"line":32,"column":40},"end":{"line":32,"column":49}},{"start":{"line":32,"column":53},"end":{"line":32,"column":59}}],"line":32},"5":{"loc":{"start":{"line":36,"column":2},"end":{"line":38,"column":3}},"type":"if","locations":[{"start":{"line":36,"column":2},"end":{"line":38,"column":3}},{"start":{},"end":{}}],"line":36},"6":{"loc":{"start":{"line":46,"column":2},"end":{"line":48,"column":3}},"type":"if","locations":[{"start":{"line":46,"column":2},"end":{"line":48,"column":3}},{"start":{},"end":{}}],"line":46},"7":{"loc":{"start":{"line":46,"column":6},"end":{"line":46,"column":59}},"type":"binary-expr","locations":[{"start":{"line":46,"column":6},"end":{"line":46,"column":13}},{"start":{"line":46,"column":17},"end":{"line":46,"column":36}},{"start":{"line":46,"column":40},"end":{"line":46,"column":49}},{"start":{"line":46,"column":53},"end":{"line":46,"column":59}}],"line":46},"8":{"loc":{"start":{"line":52,"column":2},"end":{"line":54,"column":3}},"type":"if","locations":[{"start":{"line":52,"column":2},"end":{"line":54,"column":3}},{"start":{},"end":{}}],"line":52},"9":{"loc":{"start":{"line":52,"column":6},"end":{"line":52,"column":36}},"type":"binary-expr","locations":[{"start":{"line":52,"column":6},"end":{"line":52,"column":14}},{"start":{"line":52,"column":18},"end":{"line":52,"column":36}}],"line":52},"10":{"loc":{"start":{"line":67,"column":2},"end":{"line":67,"column":127}},"type":"if","locations":[{"start":{"line":67,"column":2},"end":{"line":67,"column":127}},{"start":{},"end":{}}],"line":67},"11":{"loc":{"start":{"line":67,"column":6},"end":{"line":67,"column":37}},"type":"binary-expr","locations":[{"start":{"line":67,"column":6},"end":{"line":67,"column":13}},{"start":{"line":67,"column":17},"end":{"line":67,"column":28}},{"start":{"line":67,"column":32},"end":{"line":67,"column":37}}],"line":67},"12":{"loc":{"start":{"line":71,"column":4},"end":{"line":73,"column":42}},"type":"binary-expr","locations":[{"start":{"line":71,"column":4},"end":{"line":71,"column":51}},{"start":{"line":72,"column":4},"end":{"line":72,"column":47}},{"start":{"line":73,"column":4},"end":{"line":73,"column":42}}],"line":71},"13":{"loc":{"start":{"line":76,"column":2},"end":{"line":78,"column":3}},"type":"if","locations":[{"start":{"line":76,"column":2},"end":{"line":78,"column":3}},{"start":{},"end":{}}],"line":76},"14":{"loc":{"start":{"line":86,"column":2},"end":{"line":88,"column":3}},"type":"if","locations":[{"start":{"line":86,"column":2},"end":{"line":88,"column":3}},{"start":{},"end":{}}],"line":86},"15":{"loc":{"start":{"line":86,"column":6},"end":{"line":86,"column":45}},"type":"binary-expr","locations":[{"start":{"line":86,"column":6},"end":{"line":86,"column":13}},{"start":{"line":86,"column":17},"end":{"line":86,"column":21}},{"start":{"line":86,"column":25},"end":{"line":86,"column":30}},{"start":{"line":86,"column":34},"end":{"line":86,"column":45}}],"line":86},"16":{"loc":{"start":{"line":92,"column":2},"end":{"line":94,"column":93}},"type":"if","locations":[{"start":{"line":92,"column":2},"end":{"line":94,"column":93}},{"start":{"line":93,"column":7},"end":{"line":94,"column":93}}],"line":92},"17":{"loc":{"start":{"line":92,"column":66},"end":{"line":92,"column":78}},"type":"binary-expr","locations":[{"start":{"line":92,"column":66},"end":{"line":92,"column":72}},{"start":{"line":92,"column":76},"end":{"line":92,"column":78}}],"line":92},"18":{"loc":{"start":{"line":93,"column":7},"end":{"line":94,"column":93}},"type":"if","locations":[{"start":{"line":93,"column":7},"end":{"line":94,"column":93}},{"start":{"line":94,"column":7},"end":{"line":94,"column":93}}],"line":93},"19":{"loc":{"start":{"line":93,"column":75},"end":{"line":93,"column":87}},"type":"binary-expr","locations":[{"start":{"line":93,"column":75},"end":{"line":93,"column":81}},{"start":{"line":93,"column":85},"end":{"line":93,"column":87}}],"line":93},"20":{"loc":{"start":{"line":94,"column":7},"end":{"line":94,"column":93}},"type":"if","locations":[{"start":{"line":94,"column":7},"end":{"line":94,"column":93}},{"start":{},"end":{}}],"line":94},"21":{"loc":{"start":{"line":94,"column":79},"end":{"line":94,"column":91}},"type":"binary-expr","locations":[{"start":{"line":94,"column":79},"end":{"line":94,"column":85}},{"start":{"line":94,"column":89},"end":{"line":94,"column":91}}],"line":94},"22":{"loc":{"start":{"line":101,"column":2},"end":{"line":101,"column":98}},"type":"if","locations":[{"start":{"line":101,"column":2},"end":{"line":101,"column":98}},{"start":{},"end":{}}],"line":101},"23":{"loc":{"start":{"line":101,"column":6},"end":{"line":101,"column":21}},"type":"binary-expr","locations":[{"start":{"line":101,"column":6},"end":{"line":101,"column":13}},{"start":{"line":101,"column":17},"end":{"line":101,"column":21}}],"line":101},"24":{"loc":{"start":{"line":129,"column":35},"end":{"line":129,"column":66}},"type":"cond-expr","locations":[{"start":{"line":129,"column":44},"end":{"line":129,"column":53}},{"start":{"line":129,"column":56},"end":{"line":129,"column":66}}],"line":129}},"s":{"0":1,"1":1,"2":1,"3":1,"4":1,"5":1,"6":1,"7":3,"8":3,"9":3,"10":1,"11":2,"12":2,"13":1,"14":1,"15":2,"16":1,"17":1,"18":1,"19":3,"20":3,"21":1,"22":2,"23":1,"24":1,"25":1,"26":1,"27":3,"28":3,"29":0,"30":3,"31":3,"32":3,"33":1,"34":2,"35":2,"36":1,"37":1,"38":1,"39":1,"40":3,"41":3,"42":1,"43":2,"44":2,"45":1,"46":2,"47":1,"48":1,"49":1,"50":1,"51":3,"52":3,"53":1,"54":2,"55":2,"56":1,"57":1,"58":0,"59":1,"60":1,"61":2,"62":1,"63":2,"64":2,"65":1,"66":1,"67":1,"68":1,"69":1,"70":1,"71":1,"72":0,"73":1,"74":1,"75":1,"76":1,"77":1,"78":1,"79":1,"80":1,"81":1,"82":1},"f":{"0":1,"1":3,"2":1,"3":3,"4":3,"5":1,"6":3,"7":1,"8":3,"9":2,"10":1,"11":0,"12":1,"13":1,"14":1},"b":{"0":[1,2],"1":[1,1],"2":[1,1],"3":[1,2],"4":[3,3,2,2],"5":[1,1],"6":[0,3],"7":[3,3,3,3],"8":[1,2],"9":[3,2],"10":[1,2],"11":[3,3,2],"12":[1,1,1],"13":[1,1],"14":[1,2],"15":[3,3,2,2],"16":[1,1],"17":[1,1],"18":[0,1],"19":[0,0],"20":[1,0],"21":[1,0],"22":[1,1],"23":[2,1],"24":[0,1]},"_coverageSchema":"1a1c01bbd47fc00a2c39e90264f33305004495a9","hash":"258db885e990cc749fb8b7a72b5ed292f219a286"}
,"/home/sabrina/ufv/INF221/educatoris/backend/src/middlewares/adminMiddleware.js": {"path":"/home/sabrina/ufv/INF221/educatoris/backend/src/middlewares/adminMiddleware.js","statementMap":{"0":{"start":{"line":1,"column":0},"end":{"line":6,"column":2}},"1":{"start":{"line":2,"column":2},"end":{"line":4,"column":3}},"2":{"start":{"line":3,"column":4},"end":{"line":3,"column":80}},"3":{"start":{"line":5,"column":2},"end":{"line":5,"column":9}}},"fnMap":{"0":{"name":"(anonymous_0)","decl":{"start":{"line":1,"column":17},"end":{"line":1,"column":18}},"loc":{"start":{"line":1,"column":37},"end":{"line":6,"column":1}},"line":1}},"branchMap":{"0":{"loc":{"start":{"line":2,"column":2},"end":{"line":4,"column":3}},"type":"if","locations":[{"start":{"line":2,"column":2},"end":{"line":4,"column":3}},{"start":{},"end":{}}],"line":2}},"s":{"0":0,"1":0,"2":0,"3":0},"f":{"0":0},"b":{"0":[0,0]}}
,"/home/sabrina/ufv/INF221/educatoris/backend/src/middlewares/authMiddleware.js": {"path":"/home/sabrina/ufv/INF221/educatoris/backend/src/middlewares/authMiddleware.js","statementMap":{"0":{"start":{"line":1,"column":20},"end":{"line":1,"column":64}},"1":{"start":{"line":2,"column":26},"end":{"line":2,"column":70}},"2":{"start":{"line":4,"column":20},"end":{"line":4,"column":45}},"3":{"start":{"line":6,"column":0},"end":{"line":25,"column":2}},"4":{"start":{"line":7,"column":21},"end":{"line":7,"column":46}},"5":{"start":{"line":8,"column":2},"end":{"line":10,"column":3}},"6":{"start":{"line":9,"column":4},"end":{"line":9,"column":66}},"7":{"start":{"line":12,"column":16},"end":{"line":12,"column":40}},"8":{"start":{"line":13,"column":18},"end":{"line":13,"column":49}},"9":{"start":{"line":15,"column":2},"end":{"line":15,"column":85}},"10":{"start":{"line":15,"column":16},"end":{"line":15,"column":85}},"11":{"start":{"line":16,"column":2},"end":{"line":16,"column":98}},"12":{"start":{"line":16,"column":39},"end":{"line":16,"column":98}},"13":{"start":{"line":18,"column":18},"end":{"line":18,"column":59}},"14":{"start":{"line":19,"column":2},"end":{"line":21,"column":3}},"15":{"start":{"line":20,"column":4},"end":{"line":20,"column":60}},"16":{"start":{"line":23,"column":2},"end":{"line":23,"column":24}},"17":{"start":{"line":24,"column":2},"end":{"line":24,"column":9}}},"fnMap":{"0":{"name":"(anonymous_0)","decl":{"start":{"line":6,"column":17},"end":{"line":6,"column":18}},"loc":{"start":{"line":6,"column":37},"end":{"line":25,"column":1}},"line":6}},"branchMap":{"0":{"loc":{"start":{"line":8,"column":2},"end":{"line":10,"column":3}},"type":"if","locations":[{"start":{"line":8,"column":2},"end":{"line":10,"column":3}},{"start":{},"end":{}}],"line":8},"1":{"loc":{"start":{"line":15,"column":2},"end":{"line":15,"column":85}},"type":"if","locations":[{"start":{"line":15,"column":2},"end":{"line":15,"column":85}},{"start":{},"end":{}}],"line":15},"2":{"loc":{"start":{"line":16,"column":2},"end":{"line":16,"column":98}},"type":"if","locations":[{"start":{"line":16,"column":2},"end":{"line":16,"column":98}},{"start":{},"end":{}}],"line":16},"3":{"loc":{"start":{"line":19,"column":2},"end":{"line":21,"column":3}},"type":"if","locations":[{"start":{"line":19,"column":2},"end":{"line":21,"column":3}},{"start":{},"end":{}}],"line":19},"4":{"loc":{"start":{"line":19,"column":6},"end":{"line":19,"column":39}},"type":"binary-expr","locations":[{"start":{"line":19,"column":6},"end":{"line":19,"column":14}},{"start":{"line":19,"column":18},"end":{"line":19,"column":39}}],"line":19}},"s":{"0":0,"1":0,"2":0,"3":0,"4":0,"5":0,"6":0,"7":0,"8":0,"9":0,"10":0,"11":0,"12":0,"13":0,"14":0,"15":0,"16":0,"17":0},"f":{"0":0},"b":{"0":[0,0],"1":[0,0],"2":[0,0],"3":[0,0],"4":[0,0]}}
,"/home/sabrina/ufv/INF221/educatoris/backend/src/models/Material.js": {"path":"/home/sabrina/ufv/INF221/educatoris/backend/src/models/Material.js","statementMap":{"0":{"start":{"line":3,"column":4},"end":{"line":3,"column":17}},"1":{"start":{"line":4,"column":4},"end":{"line":4,"column":34}},"2":{"start":{"line":5,"column":4},"end":{"line":5,"column":25}},"3":{"start":{"line":6,"column":4},"end":{"line":6,"column":31}},"4":{"start":{"line":7,"column":4},"end":{"line":7,"column":19}},"5":{"start":{"line":8,"column":4},"end":{"line":8,"column":21}},"6":{"start":{"line":9,"column":4},"end":{"line":9,"column":34}},"7":{"start":{"line":15,"column":4},"end":{"line":15,"column":41}},"8":{"start":{"line":16,"column":4},"end":{"line":16,"column":44}},"9":{"start":{"line":17,"column":4},"end":{"line":17,"column":40}},"10":{"start":{"line":23,"column":4},"end":{"line":23,"column":43}},"11":{"start":{"line":24,"column":4},"end":{"line":24,"column":42}},"12":{"start":{"line":25,"column":4},"end":{"line":25,"column":54}},"13":{"start":{"line":26,"column":4},"end":{"line":26,"column":57}},"14":{"start":{"line":32,"column":4},"end":{"line":32,"column":45}},"15":{"start":{"line":33,"column":4},"end":{"line":33,"column":40}},"16":{"start":{"line":37,"column":0},"end":{"line":37,"column":63}}},"fnMap":{"0":{"name":"(anonymous_0)","decl":{"start":{"line":2,"column":2},"end":{"line":2,"column":3}},"loc":{"start":{"line":2,"column":73},"end":{"line":10,"column":3}},"line":2},"1":{"name":"(anonymous_1)","decl":{"start":{"line":14,"column":2},"end":{"line":14,"column":3}},"loc":{"start":{"line":14,"column":21},"end":{"line":18,"column":3}},"line":14},"2":{"name":"(anonymous_2)","decl":{"start":{"line":22,"column":2},"end":{"line":22,"column":3}},"loc":{"start":{"line":22,"column":21},"end":{"line":27,"column":3}},"line":22},"3":{"name":"(anonymous_3)","decl":{"start":{"line":31,"column":2},"end":{"line":31,"column":3}},"loc":{"start":{"line":31,"column":21},"end":{"line":34,"column":3}},"line":31}},"branchMap":{"0":{"loc":{"start":{"line":26,"column":26},"end":{"line":26,"column":56}},"type":"binary-expr","locations":[{"start":{"line":26,"column":26},"end":{"line":26,"column":48}},{"start":{"line":26,"column":52},"end":{"line":26,"column":56}}],"line":26}},"s":{"0":3,"1":3,"2":3,"3":3,"4":3,"5":3,"6":3,"7":1,"8":1,"9":1,"10":1,"11":1,"12":1,"13":1,"14":1,"15":1,"16":3},"f":{"0":3,"1":1,"2":1,"3":1},"b":{"0":[1,1]},"_coverageSchema":"1a1c01bbd47fc00a2c39e90264f33305004495a9","hash":"7cebf4b2025bb24accb41de75180d2df278858d4"}
,"/home/sabrina/ufv/INF221/educatoris/backend/src/patterns/decorator/PDFBase.js": {"path":"/home/sabrina/ufv/INF221/educatoris/backend/src/patterns/decorator/PDFBase.js","statementMap":{"0":{"start":{"line":2,"column":19},"end":{"line":2,"column":42}},"1":{"start":{"line":3,"column":44},"end":{"line":3,"column":62}},"2":{"start":{"line":4,"column":11},"end":{"line":4,"column":24}},"3":{"start":{"line":5,"column":13},"end":{"line":5,"column":28}},"4":{"start":{"line":11,"column":4},"end":{"line":11,"column":12}},"5":{"start":{"line":12,"column":4},"end":{"line":12,"column":26}},"6":{"start":{"line":16,"column":4},"end":{"line":26,"column":14}},"7":{"start":{"line":17,"column":6},"end":{"line":25,"column":7}},"8":{"start":{"line":18,"column":20},"end":{"line":18,"column":45}},"9":{"start":{"line":19,"column":8},"end":{"line":19,"column":64}},"10":{"start":{"line":19,"column":20},"end":{"line":19,"column":64}},"11":{"start":{"line":20,"column":13},"end":{"line":25,"column":7}},"12":{"start":{"line":21,"column":24},"end":{"line":23,"column":50}},"13":{"start":{"line":24,"column":8},"end":{"line":24,"column":68}},"14":{"start":{"line":24,"column":36},"end":{"line":24,"column":68}},"15":{"start":{"line":28,"column":4},"end":{"line":28,"column":44}},"16":{"start":{"line":32,"column":16},"end":{"line":32,"column":42}},"17":{"start":{"line":33,"column":17},"end":{"line":33,"column":40}},"18":{"start":{"line":34,"column":17},"end":{"line":34,"column":65}},"19":{"start":{"line":35,"column":20},"end":{"line":35,"column":64}},"20":{"start":{"line":37,"column":4},"end":{"line":37,"column":95}},"21":{"start":{"line":38,"column":4},"end":{"line":38,"column":103}},"22":{"start":{"line":39,"column":4},"end":{"line":39,"column":127}},"23":{"start":{"line":41,"column":4},"end":{"line":41,"column":41}},"24":{"start":{"line":45,"column":0},"end":{"line":45,"column":25}}},"fnMap":{"0":{"name":"(anonymous_0)","decl":{"start":{"line":10,"column":2},"end":{"line":10,"column":3}},"loc":{"start":{"line":10,"column":22},"end":{"line":13,"column":3}},"line":10},"1":{"name":"(anonymous_1)","decl":{"start":{"line":15,"column":2},"end":{"line":15,"column":3}},"loc":{"start":{"line":15,"column":24},"end":{"line":29,"column":3}},"line":15}},"branchMap":{"0":{"loc":{"start":{"line":17,"column":6},"end":{"line":25,"column":7}},"type":"if","locations":[{"start":{"line":17,"column":6},"end":{"line":25,"column":7}},{"start":{"line":20,"column":13},"end":{"line":25,"column":7}}],"line":17},"1":{"loc":{"start":{"line":17,"column":10},"end":{"line":17,"column":85}},"type":"binary-expr","locations":[{"start":{"line":17,"column":10},"end":{"line":17,"column":45}},{"start":{"line":17,"column":49},"end":{"line":17,"column":85}}],"line":17},"2":{"loc":{"start":{"line":19,"column":8},"end":{"line":19,"column":64}},"type":"if","locations":[{"start":{"line":19,"column":8},"end":{"line":19,"column":64}},{"start":{},"end":{}}],"line":19},"3":{"loc":{"start":{"line":20,"column":13},"end":{"line":25,"column":7}},"type":"if","locations":[{"start":{"line":20,"column":13},"end":{"line":25,"column":7}},{"start":{},"end":{}}],"line":20},"4":{"loc":{"start":{"line":21,"column":24},"end":{"line":23,"column":50}},"type":"cond-expr","locations":[{"start":{"line":22,"column":12},"end":{"line":22,"column":24}},{"start":{"line":23,"column":12},"end":{"line":23,"column":50}}],"line":21},"5":{"loc":{"start":{"line":24,"column":8},"end":{"line":24,"column":68}},"type":"if","locations":[{"start":{"line":24,"column":8},"end":{"line":24,"column":68}},{"start":{},"end":{}}],"line":24},"6":{"loc":{"start":{"line":38,"column":18},"end":{"line":38,"column":57}},"type":"binary-expr","locations":[{"start":{"line":38,"column":18},"end":{"line":38,"column":34}},{"start":{"line":38,"column":38},"end":{"line":38,"column":57}}],"line":38}},"s":{"0":2,"1":2,"2":2,"3":2,"4":0,"5":0,"6":0,"7":0,"8":0,"9":0,"10":0,"11":0,"12":0,"13":0,"14":0,"15":0,"16":0,"17":0,"18":0,"19":0,"20":0,"21":0,"22":0,"23":0,"24":2},"f":{"0":0,"1":0},"b":{"0":[0,0],"1":[0,0],"2":[0,0],"3":[0,0],"4":[0,0],"5":[0,0],"6":[0,0]},"_coverageSchema":"1a1c01bbd47fc00a2c39e90264f33305004495a9","hash":"8e28b811c02734558e50d648f5b8f0f8eab45443"}
,"/home/sabrina/ufv/INF221/educatoris/backend/src/patterns/decorator/PDFComMarcaDagua.js": {"path":"/home/sabrina/ufv/INF221/educatoris/backend/src/patterns/decorator/PDFComMarcaDagua.js","statementMap":{"0":{"start":{"line":2,"column":44},"end":{"line":2,"column":62}},"1":{"start":{"line":3,"column":21},"end":{"line":3,"column":46}},"2":{"start":{"line":7,"column":22},"end":{"line":7,"column":57}},"3":{"start":{"line":8,"column":19},"end":{"line":8,"column":52}},"4":{"start":{"line":9,"column":17},"end":{"line":9,"column":64}},"5":{"start":{"line":10,"column":18},"end":{"line":10,"column":95}},"6":{"start":{"line":12,"column":4},"end":{"line":22,"column":5}},"7":{"start":{"line":13,"column":24},"end":{"line":13,"column":40}},"8":{"start":{"line":14,"column":6},"end":{"line":21,"column":9}},"9":{"start":{"line":24,"column":4},"end":{"line":24,"column":44}},"10":{"start":{"line":28,"column":0},"end":{"line":28,"column":34}}},"fnMap":{"0":{"name":"(anonymous_0)","decl":{"start":{"line":6,"column":2},"end":{"line":6,"column":3}},"loc":{"start":{"line":6,"column":24},"end":{"line":25,"column":3}},"line":6}},"branchMap":{},"s":{"0":2,"1":2,"2":0,"3":0,"4":0,"5":0,"6":0,"7":0,"8":0,"9":0,"10":2},"f":{"0":0},"b":{},"_coverageSchema":"1a1c01bbd47fc00a2c39e90264f33305004495a9","hash":"8657d7a75a28c778256a4631eb3a5170f7508966"}
,"/home/sabrina/ufv/INF221/educatoris/backend/src/patterns/decorator/PDFComMetadados.js": {"path":"/home/sabrina/ufv/INF221/educatoris/backend/src/patterns/decorator/PDFComMetadados.js","statementMap":{"0":{"start":{"line":2,"column":24},"end":{"line":2,"column":42}},"1":{"start":{"line":3,"column":21},"end":{"line":3,"column":46}},"2":{"start":{"line":7,"column":18},"end":{"line":7,"column":53}},"3":{"start":{"line":8,"column":19},"end":{"line":8,"column":48}},"4":{"start":{"line":10,"column":4},"end":{"line":10,"column":36}},"5":{"start":{"line":11,"column":4},"end":{"line":11,"column":47}},"6":{"start":{"line":12,"column":4},"end":{"line":12,"column":63}},"7":{"start":{"line":13,"column":4},"end":{"line":17,"column":7}},"8":{"start":{"line":19,"column":4},"end":{"line":19,"column":44}},"9":{"start":{"line":23,"column":0},"end":{"line":23,"column":33}}},"fnMap":{"0":{"name":"(anonymous_0)","decl":{"start":{"line":6,"column":2},"end":{"line":6,"column":3}},"loc":{"start":{"line":6,"column":24},"end":{"line":20,"column":3}},"line":6}},"branchMap":{"0":{"loc":{"start":{"line":16,"column":18},"end":{"line":16,"column":51}},"type":"binary-expr","locations":[{"start":{"line":16,"column":18},"end":{"line":16,"column":33}},{"start":{"line":16,"column":37},"end":{"line":16,"column":51}}],"line":16}},"s":{"0":2,"1":2,"2":0,"3":0,"4":0,"5":0,"6":0,"7":0,"8":0,"9":2},"f":{"0":0},"b":{"0":[0,0]},"_coverageSchema":"1a1c01bbd47fc00a2c39e90264f33305004495a9","hash":"950bb0811b3e83ff022e4c44e055314e5f35b0b4"}
,"/home/sabrina/ufv/INF221/educatoris/backend/src/patterns/decorator/PDFDecorator.js": {"path":"/home/sabrina/ufv/INF221/educatoris/backend/src/patterns/decorator/PDFDecorator.js","statementMap":{"0":{"start":{"line":2,"column":19},"end":{"line":2,"column":42}},"1":{"start":{"line":6,"column":4},"end":{"line":6,"column":12}},"2":{"start":{"line":7,"column":4},"end":{"line":7,"column":28}},"3":{"start":{"line":11,"column":4},"end":{"line":11,"column":41}},"4":{"start":{"line":15,"column":0},"end":{"line":15,"column":30}}},"fnMap":{"0":{"name":"(anonymous_0)","decl":{"start":{"line":5,"column":2},"end":{"line":5,"column":3}},"loc":{"start":{"line":5,"column":23},"end":{"line":8,"column":3}},"line":5},"1":{"name":"(anonymous_1)","decl":{"start":{"line":10,"column":2},"end":{"line":10,"column":3}},"loc":{"start":{"line":10,"column":24},"end":{"line":12,"column":3}},"line":10}},"branchMap":{},"s":{"0":2,"1":0,"2":0,"3":0,"4":2},"f":{"0":0,"1":0},"b":{},"_coverageSchema":"1a1c01bbd47fc00a2c39e90264f33305004495a9","hash":"f04d1bf6fba84b701634f4825b55eb7279a35d10"}
,"/home/sabrina/ufv/INF221/educatoris/backend/src/patterns/decorator/PDFGerador.js": {"path":"/home/sabrina/ufv/INF221/educatoris/backend/src/patterns/decorator/PDFGerador.js","statementMap":{"0":{"start":{"line":4,"column":4},"end":{"line":4,"column":75}},"1":{"start":{"line":8,"column":0},"end":{"line":8,"column":28}}},"fnMap":{"0":{"name":"(anonymous_0)","decl":{"start":{"line":3,"column":2},"end":{"line":3,"column":3}},"loc":{"start":{"line":3,"column":24},"end":{"line":5,"column":3}},"line":3}},"branchMap":{},"s":{"0":0,"1":2},"f":{"0":0},"b":{},"_coverageSchema":"1a1c01bbd47fc00a2c39e90264f33305004495a9","hash":"30f240e510f41fda7a597cb990ee6fbd23a4161d"}
,"/home/sabrina/ufv/INF221/educatoris/backend/src/patterns/facade/ConteudoService.js": {"path":"/home/sabrina/ufv/INF221/educatoris/backend/src/patterns/facade/ConteudoService.js","statementMap":{"0":{"start":{"line":2,"column":24},"end":{"line":2,"column":61}},"1":{"start":{"line":3,"column":22},"end":{"line":3,"column":55}},"2":{"start":{"line":4,"column":16},"end":{"line":4,"column":47}},"3":{"start":{"line":5,"column":25},"end":{"line":5,"column":65}},"4":{"start":{"line":6,"column":24},"end":{"line":6,"column":63}},"5":{"start":{"line":13,"column":4},"end":{"line":13,"column":50}},"6":{"start":{"line":14,"column":4},"end":{"line":14,"column":44}},"7":{"start":{"line":18,"column":4},"end":{"line":18,"column":66}},"8":{"start":{"line":23,"column":18},"end":{"line":23,"column":65}},"9":{"start":{"line":24,"column":23},"end":{"line":24,"column":91}},"10":{"start":{"line":26,"column":4},"end":{"line":31,"column":7}},"11":{"start":{"line":27,"column":26},"end":{"line":27,"column":105}},"12":{"start":{"line":28,"column":24},"end":{"line":28,"column":101}},"13":{"start":{"line":30,"column":6},"end":{"line":30,"column":80}},"14":{"start":{"line":35,"column":22},"end":{"line":35,"column":76}},"15":{"start":{"line":36,"column":4},"end":{"line":36,"column":64}},"16":{"start":{"line":36,"column":30},"end":{"line":36,"column":62}},"17":{"start":{"line":40,"column":18},"end":{"line":40,"column":72}},"18":{"start":{"line":41,"column":17},"end":{"line":41,"column":62}},"19":{"start":{"line":43,"column":4},"end":{"line":51,"column":7}},"20":{"start":{"line":44,"column":6},"end":{"line":50,"column":7}},"21":{"start":{"line":45,"column":22},"end":{"line":45,"column":62}},"22":{"start":{"line":46,"column":8},"end":{"line":46,"column":32}},"23":{"start":{"line":47,"column":8},"end":{"line":47,"column":20}},"24":{"start":{"line":49,"column":8},"end":{"line":49,"column":21}},"25":{"start":{"line":55,"column":18},"end":{"line":55,"column":72}},"26":{"start":{"line":56,"column":18},"end":{"line":56,"column":63}},"27":{"start":{"line":57,"column":4},"end":{"line":57,"column":30}},"28":{"start":{"line":61,"column":18},"end":{"line":61,"column":72}},"29":{"start":{"line":63,"column":4},"end":{"line":65,"column":5}},"30":{"start":{"line":64,"column":6},"end":{"line":64,"column":64}},"31":{"start":{"line":67,"column":20},"end":{"line":71,"column":5}},"32":{"start":{"line":73,"column":4},"end":{"line":77,"column":7}},"33":{"start":{"line":81,"column":27},"end":{"line":81,"column":75}},"34":{"start":{"line":82,"column":24},"end":{"line":82,"column":69}},"35":{"start":{"line":84,"column":0},"end":{"line":84,"column":74}}},"fnMap":{"0":{"name":"(anonymous_0)","decl":{"start":{"line":12,"column":2},"end":{"line":12,"column":3}},"loc":{"start":{"line":12,"column":51},"end":{"line":15,"column":3}},"line":12},"1":{"name":"(anonymous_1)","decl":{"start":{"line":17,"column":2},"end":{"line":17,"column":3}},"loc":{"start":{"line":17,"column":32},"end":{"line":19,"column":3}},"line":17},"2":{"name":"(anonymous_2)","decl":{"start":{"line":21,"column":2},"end":{"line":21,"column":3}},"loc":{"start":{"line":21,"column":21},"end":{"line":32,"column":3}},"line":21},"3":{"name":"(anonymous_3)","decl":{"start":{"line":26,"column":24},"end":{"line":26,"column":25}},"loc":{"start":{"line":26,"column":29},"end":{"line":31,"column":5}},"line":26},"4":{"name":"(anonymous_4)","decl":{"start":{"line":34,"column":2},"end":{"line":34,"column":3}},"loc":{"start":{"line":34,"column":35},"end":{"line":37,"column":3}},"line":34},"5":{"name":"(anonymous_5)","decl":{"start":{"line":36,"column":25},"end":{"line":36,"column":26}},"loc":{"start":{"line":36,"column":30},"end":{"line":36,"column":62}},"line":36},"6":{"name":"(anonymous_6)","decl":{"start":{"line":39,"column":2},"end":{"line":39,"column":3}},"loc":{"start":{"line":39,"column":41},"end":{"line":52,"column":3}},"line":39},"7":{"name":"(anonymous_7)","decl":{"start":{"line":43,"column":23},"end":{"line":43,"column":24}},"loc":{"start":{"line":43,"column":30},"end":{"line":51,"column":5}},"line":43},"8":{"name":"(anonymous_8)","decl":{"start":{"line":54,"column":2},"end":{"line":54,"column":3}},"loc":{"start":{"line":54,"column":47},"end":{"line":58,"column":3}},"line":54},"9":{"name":"(anonymous_9)","decl":{"start":{"line":60,"column":2},"end":{"line":60,"column":3}},"loc":{"start":{"line":60,"column":46},"end":{"line":78,"column":3}},"line":60}},"branchMap":{"0":{"loc":{"start":{"line":27,"column":27},"end":{"line":27,"column":41}},"type":"binary-expr","locations":[{"start":{"line":27,"column":27},"end":{"line":27,"column":35}},{"start":{"line":27,"column":39},"end":{"line":27,"column":41}}],"line":27},"1":{"loc":{"start":{"line":28,"column":25},"end":{"line":28,"column":37}},"type":"binary-expr","locations":[{"start":{"line":28,"column":25},"end":{"line":28,"column":31}},{"start":{"line":28,"column":35},"end":{"line":28,"column":37}}],"line":28},"2":{"loc":{"start":{"line":30,"column":13},"end":{"line":30,"column":79}},"type":"binary-expr","locations":[{"start":{"line":30,"column":13},"end":{"line":30,"column":45}},{"start":{"line":30,"column":49},"end":{"line":30,"column":79}}],"line":30},"3":{"loc":{"start":{"line":63,"column":4},"end":{"line":65,"column":5}},"type":"if","locations":[{"start":{"line":63,"column":4},"end":{"line":65,"column":5}},{"start":{},"end":{}}],"line":63},"4":{"loc":{"start":{"line":63,"column":8},"end":{"line":63,"column":45}},"type":"binary-expr","locations":[{"start":{"line":63,"column":8},"end":{"line":63,"column":14}},{"start":{"line":63,"column":18},"end":{"line":63,"column":45}}],"line":63}},"s":{"0":2,"1":2,"2":2,"3":2,"4":2,"5":2,"6":2,"7":0,"8":0,"9":0,"10":0,"11":0,"12":0,"13":0,"14":0,"15":0,"16":0,"17":0,"18":0,"19":0,"20":0,"21":0,"22":0,"23":0,"24":0,"25":16,"26":16,"27":16,"28":0,"29":0,"30":0,"31":0,"32":0,"33":2,"34":2,"35":2},"f":{"0":2,"1":0,"2":0,"3":0,"4":0,"5":0,"6":0,"7":0,"8":16,"9":0},"b":{"0":[0,0],"1":[0,0],"2":[0,0],"3":[0,0],"4":[0,0]},"_coverageSchema":"1a1c01bbd47fc00a2c39e90264f33305004495a9","hash":"2e7ca9220c0ef74a6fe4a0955691a7ca3a15753e"}
,"/home/sabrina/ufv/INF221/educatoris/backend/src/patterns/factory/MaterialFactory.js": {"path":"/home/sabrina/ufv/INF221/educatoris/backend/src/patterns/factory/MaterialFactory.js","statementMap":{"0":{"start":{"line":2,"column":44},"end":{"line":2,"column":76}},"1":{"start":{"line":6,"column":4},"end":{"line":15,"column":5}},"2":{"start":{"line":8,"column":8},"end":{"line":8,"column":34}},"3":{"start":{"line":10,"column":8},"end":{"line":10,"column":36}},"4":{"start":{"line":12,"column":8},"end":{"line":12,"column":38}},"5":{"start":{"line":14,"column":8},"end":{"line":14,"column":68}},"6":{"start":{"line":19,"column":0},"end":{"line":19,"column":33}}},"fnMap":{"0":{"name":"(anonymous_0)","decl":{"start":{"line":5,"column":2},"end":{"line":5,"column":3}},"loc":{"start":{"line":5,"column":28},"end":{"line":16,"column":3}},"line":5}},"branchMap":{"0":{"loc":{"start":{"line":6,"column":4},"end":{"line":15,"column":5}},"type":"switch","locations":[{"start":{"line":7,"column":6},"end":{"line":8,"column":34}},{"start":{"line":9,"column":6},"end":{"line":10,"column":36}},{"start":{"line":11,"column":6},"end":{"line":12,"column":38}},{"start":{"line":13,"column":6},"end":{"line":14,"column":68}}],"line":6}},"s":{"0":3,"1":4,"2":1,"3":1,"4":1,"5":1,"6":3},"f":{"0":4},"b":{"0":[1,1,1,1]},"_coverageSchema":"1a1c01bbd47fc00a2c39e90264f33305004495a9","hash":"5cb2eb299a02a17c6e1577712a66e7c57531034b"}
[...]
umn":25},"end":{"line":58,"column":95}},"type":"default-arg","locations":[{"start":{"line":58,"column":93},"end":{"line":58,"column":95}}],"line":58},"8":{"loc":{"start":{"line":58,"column":27},"end":{"line":58,"column":42}},"type":"default-arg","locations":[{"start":{"line":58,"column":37},"end":{"line":58,"column":42}}],"line":58},"9":{"loc":{"start":{"line":58,"column":44},"end":{"line":58,"column":65}},"type":"default-arg","locations":[{"start":{"line":58,"column":60},"end":{"line":58,"column":65}}],"line":58},"10":{"loc":{"start":{"line":58,"column":67},"end":{"line":58,"column":88}},"type":"default-arg","locations":[{"start":{"line":58,"column":84},"end":{"line":58,"column":88}}],"line":58},"11":{"loc":{"start":{"line":60,"column":15},"end":{"line":60,"column":30}},"type":"cond-expr","locations":[{"start":{"line":60,"column":25},"end":{"line":60,"column":26}},{"start":{"line":60,"column":29},"end":{"line":60,"column":30}}],"line":60},"12":{"loc":{"start":{"line":60,"column":32},"end":{"line":60,"column":53}},"type":"cond-expr","locations":[{"start":{"line":60,"column":48},"end":{"line":60,"column":49}},{"start":{"line":60,"column":52},"end":{"line":60,"column":53}}],"line":60},"13":{"loc":{"start":{"line":63,"column":27},"end":{"line":63,"column":50}},"type":"default-arg","locations":[{"start":{"line":63,"column":48},"end":{"line":63,"column":50}}],"line":63},"14":{"loc":{"start":{"line":63,"column":29},"end":{"line":63,"column":43}},"type":"default-arg","locations":[{"start":{"line":63,"column":38},"end":{"line":63,"column":43}}],"line":63},"15":{"loc":{"start":{"line":64,"column":78},"end":{"line":64,"column":92}},"type":"cond-expr","locations":[{"start":{"line":64,"column":87},"end":{"line":64,"column":88}},{"start":{"line":64,"column":91},"end":{"line":64,"column":92}}],"line":64},"16":{"loc":{"start":{"line":70,"column":18},"end":{"line":70,"column":35}},"type":"binary-expr","locations":[{"start":{"line":70,"column":18},"end":{"line":70,"column":27}},{"start":{"line":70,"column":31},"end":{"line":70,"column":35}}],"line":70},"17":{"loc":{"start":{"line":90,"column":67},"end":{"line":90,"column":81}},"type":"cond-expr","locations":[{"start":{"line":90,"column":76},"end":{"line":90,"column":77}},{"start":{"line":90,"column":80},"end":{"line":90,"column":81}}],"line":90},"18":{"loc":{"start":{"line":114,"column":4},"end":{"line":117,"column":5}},"type":"if","locations":[{"start":{"line":114,"column":4},"end":{"line":117,"column":5}},{"start":{},"end":{}}],"line":114},"19":{"loc":{"start":{"line":118,"column":4},"end":{"line":121,"column":5}},"type":"if","locations":[{"start":{"line":118,"column":4},"end":{"line":121,"column":5}},{"start":{},"end":{}}],"line":118},"20":{"loc":{"start":{"line":122,"column":4},"end":{"line":125,"column":5}},"type":"if","locations":[{"start":{"line":122,"column":4},"end":{"line":125,"column":5}},{"start":{},"end":{}}],"line":122}},"s":{"0":5,"1":0,"2":0,"3":1,"4":1,"5":1,"6":23,"7":23,"8":1,"9":22,"10":0,"11":0,"12":1,"13":1,"14":0,"15":0,"16":0,"17":1,"18":0,"19":0,"20":0,"21":3,"22":3,"23":3,"24":3,"25":3,"26":3,"27":3,"28":3,"29":3,"30":3,"31":23,"32":2,"33":2,"34":21,"35":0,"36":0,"37":21,"38":21,"39":21,"40":0,"41":5},"f":{"0":0,"1":0,"2":1,"3":1,"4":23,"5":0,"6":0,"7":1,"8":1,"9":0,"10":0,"11":0,"12":1,"13":0,"14":0,"15":0,"16":3,"17":3},"b":{"0":[1,22],"1":[1,1],"2":[0],"3":[0],"4":[1],"5":[1,0],"6":[0,1],"7":[0],"8":[0],"9":[0],"10":[0],"11":[0,0],"12":[0,0],"13":[0],"14":[0],"15":[0,0],"16":[0,0],"17":[0,0],"18":[2,21],"19":[0,21],"20":[21,0]},"_coverageSchema":"1a1c01bbd47fc00a2c39e90264f33305004495a9","hash":"b6f48f931d9e22b1e9f5f8708473131b8ce5e0ea"}
,"/home/sabrina/ufv/INF221/educatoris/backend/src/repositories/PlanoRepository.js": {"path":"/home/sabrina/ufv/INF221/educatoris/backend/src/repositories/PlanoRepository.js","statementMap":{"0":{"start":{"line":1,"column":11},"end":{"line":1,"column":40}},"1":{"start":{"line":5,"column":4},"end":{"line":5,"column":83}},"2":{"start":{"line":9,"column":4},"end":{"line":9,"column":67}},"3":{"start":{"line":13,"column":4},"end":{"line":13,"column":89}},"4":{"start":{"line":17,"column":4},"end":{"line":27,"column":24}},"5":{"start":{"line":31,"column":4},"end":{"line":31,"column":87}},"6":{"start":{"line":33,"column":19},"end":{"line":35,"column":46}},"7":{"start":{"line":37,"column":4},"end":{"line":38,"column":46}},"8":{"start":{"line":40,"column":4},"end":{"line":40,"column":34}},"9":{"start":{"line":44,"column":4},"end":{"line":44,"column":67}},"10":{"start":{"line":48,"column":4},"end":{"line":56,"column":24}},"11":{"start":{"line":60,"column":4},"end":{"line":67,"column":6}},"12":{"start":{"line":71,"column":4},"end":{"line":71,"column":74}},"13":{"start":{"line":75,"column":4},"end":{"line":75,"column":67}},"14":{"start":{"line":79,"column":0},"end":{"line":79,"column":39}}},"fnMap":{"0":{"name":"(anonymous_0)","decl":{"start":{"line":4,"column":2},"end":{"line":4,"column":3}},"loc":{"start":{"line":4,"column":17},"end":{"line":6,"column":3}},"line":4},"1":{"name":"(anonymous_1)","decl":{"start":{"line":8,"column":2},"end":{"line":8,"column":3}},"loc":{"start":{"line":8,"column":18},"end":{"line":10,"column":3}},"line":8},"2":{"name":"(anonymous_2)","decl":{"start":{"line":12,"column":2},"end":{"line":12,"column":3}},"loc":{"start":{"line":12,"column":26},"end":{"line":14,"column":3}},"line":12},"3":{"name":"(anonymous_3)","decl":{"start":{"line":16,"column":2},"end":{"line":16,"column":3}},"loc":{"start":{"line":16,"column":34},"end":{"line":28,"column":3}},"line":16},"4":{"name":"(anonymous_4)","decl":{"start":{"line":30,"column":2},"end":{"line":30,"column":3}},"loc":{"start":{"line":30,"column":46},"end":{"line":41,"column":3}},"line":30},"5":{"name":"(anonymous_5)","decl":{"start":{"line":43,"column":2},"end":{"line":43,"column":3}},"loc":{"start":{"line":43,"column":16},"end":{"line":45,"column":3}},"line":43},"6":{"name":"(anonymous_6)","decl":{"start":{"line":47,"column":2},"end":{"line":47,"column":3}},"loc":{"start":{"line":47,"column":132},"end":{"line":57,"column":3}},"line":47},"7":{"name":"(anonymous_7)","decl":{"start":{"line":59,"column":2},"end":{"line":59,"column":3}},"loc":{"start":{"line":59,"column":140},"end":{"line":68,"column":3}},"line":59},"8":{"name":"(anonymous_8)","decl":{"start":{"line":70,"column":2},"end":{"line":70,"column":3}},"loc":{"start":{"line":70,"column":28},"end":{"line":72,"column":3}},"line":70},"9":{"name":"(anonymous_9)","decl":{"start":{"line":74,"column":2},"end":{"line":74,"column":3}},"loc":{"start":{"line":74,"column":14},"end":{"line":76,"column":3}},"line":74}},"branchMap":{"0":{"loc":{"start":{"line":53,"column":19},"end":{"line":53,"column":36}},"type":"binary-expr","locations":[{"start":{"line":53,"column":19},"end":{"line":53,"column":28}},{"start":{"line":53,"column":32},"end":{"line":53,"column":36}}],"line":53},"1":{"loc":{"start":{"line":54,"column":8},"end":{"line":54,"column":28}},"type":"cond-expr","locations":[{"start":{"line":54,"column":23},"end":{"line":54,"column":24}},{"start":{"line":54,"column":27},"end":{"line":54,"column":28}}],"line":54},"2":{"loc":{"start":{"line":54,"column":30},"end":{"line":54,"column":52}},"type":"cond-expr","locations":[{"start":{"line":54,"column":47},"end":{"line":54,"column":48}},{"start":{"line":54,"column":51},"end":{"line":54,"column":52}}],"line":54},"3":{"loc":{"start":{"line":54,"column":54},"end":{"line":54,"column":77}},"type":"cond-expr","locations":[{"start":{"line":54,"column":72},"end":{"line":54,"column":73}},{"start":{"line":54,"column":76},"end":{"line":54,"column":77}}],"line":54},"4":{"loc":{"start":{"line":55,"column":8},"end":{"line":55,"column":32}},"type":"cond-expr","locations":[{"start":{"line":55,"column":27},"end":{"line":55,"column":28}},{"start":{"line":55,"column":31},"end":{"line":55,"column":32}}],"line":55},"5":{"loc":{"start":{"line":55,"column":34},"end":{"line":55,"column":62}},"type":"cond-expr","locations":[{"start":{"line":55,"column":57},"end":{"line":55,"column":58}},{"start":{"line":55,"column":61},"end":{"line":55,"column":62}}],"line":55},"6":{"loc":{"start":{"line":64,"column":18},"end":{"line":64,"column":35}},"type":"binary-expr","locations":[{"start":{"line":64,"column":18},"end":{"line":64,"column":27}},{"start":{"line":64,"column":31},"end":{"line":64,"column":35}}],"line":64},"7":{"loc":{"start":{"line":65,"column":6},"end":{"line":65,"column":26}},"type":"cond-expr","locations":[{"start":{"line":65,"column":21},"end":{"line":65,"column":22}},{"start":{"line":65,"column":25},"end":{"line":65,"column":26}}],"line":65},"8":{"loc":{"start":{"line":65,"column":28},"end":{"line":65,"column":50}},"type":"cond-expr","locations":[{"start":{"line":65,"column":45},"end":{"line":65,"column":46}},{"start":{"line":65,"column":49},"end":{"line":65,"column":50}}],"line":65},"9":{"loc":{"start":{"line":65,"column":52},"end":{"line":65,"column":75}},"type":"cond-expr","locations":[{"start":{"line":65,"column":70},"end":{"line":65,"column":71}},{"start":{"line":65,"column":74},"end":{"line":65,"column":75}}],"line":65},"10":{"loc":{"start":{"line":66,"column":6},"end":{"line":66,"column":30}},"type":"cond-expr","locations":[{"start":{"line":66,"column":25},"end":{"line":66,"column":26}},{"start":{"line":66,"column":29},"end":{"line":66,"column":30}}],"line":66},"11":{"loc":{"start":{"line":66,"column":32},"end":{"line":66,"column":60}},"type":"cond-expr","locations":[{"start":{"line":66,"column":55},"end":{"line":66,"column":56}},{"start":{"line":66,"column":59},"end":{"line":66,"column":60}}],"line":66}},"s":{"0":5,"1":1,"2":1,"3":1,"4":16,"5":0,"6":0,"7":0,"8":0,"9":0,"10":1,"11":1,"12":0,"13":1,"14":5},"f":{"0":1,"1":1,"2":1,"3":16,"4":0,"5":0,"6":1,"7":1,"8":0,"9":1},"b":{"0":[1,1],"1":[1,0],"2":[0,1],"3":[0,1],"4":[0,1],"5":[0,1],"6":[1,1],"7":[0,1],"8":[0,1],"9":[0,1],"10":[0,1],"11":[0,1]},"_coverageSchema":"1a1c01bbd47fc00a2c39e90264f33305004495a9","hash":"3fa5950d9aa0719715159c0641369fba9cbf48af"}
,"/home/sabrina/ufv/INF221/educatoris/backend/src/repositories/UsuarioRepository.js": {"path":"/home/sabrina/ufv/INF221/educatoris/backend/src/repositories/UsuarioRepository.js","statementMap":{"0":{"start":{"line":1,"column":11},"end":{"line":1,"column":40}},"1":{"start":{"line":2,"column":15},"end":{"line":2,"column":34}},"2":{"start":{"line":6,"column":4},"end":{"line":6,"column":75}},"3":{"start":{"line":10,"column":4},"end":{"line":10,"column":69}},"4":{"start":{"line":14,"column":17},"end":{"line":14,"column":43}},"5":{"start":{"line":15,"column":19},"end":{"line":17,"column":48}},"6":{"start":{"line":19,"column":4},"end":{"line":23,"column":5}},"7":{"start":{"line":20,"column":6},"end":{"line":20,"column":108}},"8":{"start":{"line":21,"column":11},"end":{"line":23,"column":5}},"9":{"start":{"line":22,"column":6},"end":{"line":22,"column":109}},"10":{"start":{"line":25,"column":4},"end":{"line":25,"column":34}},"11":{"start":{"line":29,"column":4},"end":{"line":29,"column":43}},"12":{"start":{"line":33,"column":4},"end":{"line":33,"column":91}},"13":{"start":{"line":37,"column":4},"end":{"line":45,"column":13}},"14":{"start":{"line":49,"column":17},"end":{"line":49,"column":47}},"15":{"start":{"line":50,"column":4},"end":{"line":50,"column":75}},"16":{"start":{"line":54,"column":4},"end":{"line":54,"column":111}},"17":{"start":{"line":58,"column":0},"end":{"line":58,"column":41}}},"fnMap":{"0":{"name":"(anonymous_0)","decl":{"start":{"line":5,"column":2},"end":{"line":5,"column":3}},"loc":{"start":{"line":5,"column":24},"end":{"line":7,"column":3}},"line":5},"1":{"name":"(anonymous_1)","decl":{"start":{"line":9,"column":2},"end":{"line":9,"column":3}},"loc":{"start":{"line":9,"column":18},"end":{"line":11,"column":3}},"line":9},"2":{"name":"(anonymous_2)","decl":{"start":{"line":13,"column":2},"end":{"line":13,"column":3}},"loc":{"start":{"line":13,"column":43},"end":{"line":26,"column":3}},"line":13},"3":{"name":"(anonymous_3)","decl":{"start":{"line":28,"column":2},"end":{"line":28,"column":3}},"loc":{"start":{"line":28,"column":30},"end":{"line":30,"column":3}},"line":28},"4":{"name":"(anonymous_4)","decl":{"start":{"line":32,"column":2},"end":{"line":32,"column":3}},"loc":{"start":{"line":32,"column":27},"end":{"line":34,"column":3}},"line":32},"5":{"name":"(anonymous_5)","decl":{"start":{"line":36,"column":2},"end":{"line":36,"column":3}},"loc":{"start":{"line":36,"column":22},"end":{"line":46,"column":3}},"line":36},"6":{"name":"(anonymous_6)","decl":{"start":{"line":48,"column":2},"end":{"line":48,"column":3}},"loc":{"start":{"line":48,"column":32},"end":{"line":51,"column":3}},"line":48},"7":{"name":"(anonymous_7)","decl":{"start":{"line":53,"column":2},"end":{"line":53,"column":3}},"loc":{"start":{"line":53,"column":38},"end":{"line":55,"column":3}},"line":53}},"branchMap":{"0":{"loc":{"start":{"line":17,"column":36},"end":{"line":17,"column":47}},"type":"binary-expr","locations":[{"start":{"line":17,"column":36},"end":{"line":17,"column":39}},{"start":{"line":17,"column":43},"end":{"line":17,"column":47}}],"line":17},"1":{"loc":{"start":{"line":19,"column":4},"end":{"line":23,"column":5}},"type":"if","locations":[{"start":{"line":19,"column":4},"end":{"line":23,"column":5}},{"start":{"line":21,"column":11},"end":{"line":23,"column":5}}],"line":19},"2":{"loc":{"start":{"line":21,"column":11},"end":{"line":23,"column":5}},"type":"if","locations":[{"start":{"line":21,"column":11},"end":{"line":23,"column":5}},{"start":{},"end":{}}],"line":21},"3":{"loc":{"start":{"line":33,"column":72},"end":{"line":33,"column":85}},"type":"cond-expr","locations":[{"start":{"line":33,"column":80},"end":{"line":33,"column":81}},{"start":{"line":33,"column":84},"end":{"line":33,"column":85}}],"line":33},"4":{"loc":{"start":{"line":54,"column":87},"end":{"line":54,"column":105}},"type":"binary-expr","locations":[{"start":{"line":54,"column":87},"end":{"line":54,"column":97}},{"start":{"line":54,"column":101},"end":{"line":54,"column":105}}],"line":54}},"s":{"0":2,"1":2,"2":0,"3":0,"4":0,"5":0,"6":0,"7":0,"8":0,"9":0,"10":0,"11":0,"12":0,"13":0,"14":0,"15":0,"16":0,"17":2},"f":{"0":0,"1":0,"2":0,"3":0,"4":0,"5":0,"6":0,"7":0},"b":{"0":[0,0],"1":[0,0],"2":[0,0],"3":[0,0],"4":[0,0]},"_coverageSchema":"1a1c01bbd47fc00a2c39e90264f33305004495a9","hash":"0126107c23c4bb609157b6fe1556998e908e95c2"}
,"/home/sabrina/ufv/INF221/educatoris/backend/src/routes/adminRoutes.js": {"path":"/home/sabrina/ufv/INF221/educatoris/backend/src/routes/adminRoutes.js","statementMap":{"0":{"start":{"line":1,"column":15},"end":{"line":1,"column":42}},"1":{"start":{"line":2,"column":13},"end":{"line":2,"column":58}},"2":{"start":{"line":3,"column":13},"end":{"line":3,"column":53}},"3":{"start":{"line":4,"column":14},"end":{"line":4,"column":55}},"4":{"start":{"line":6,"column":0},"end":{"line":6,"column":24}},"5":{"start":{"line":8,"column":0},"end":{"line":8,"column":51}},"6":{"start":{"line":9,"column":0},"end":{"line":9,"column":60}},"7":{"start":{"line":10,"column":0},"end":{"line":10,"column":46}},"8":{"start":{"line":11,"column":0},"end":{"line":11,"column":40}},"9":{"start":{"line":12,"column":0},"end":{"line":12,"column":47}},"10":{"start":{"line":13,"column":0},"end":{"line":13,"column":48}},"11":{"start":{"line":14,"column":0},"end":{"line":14,"column":47}},"12":{"start":{"line":15,"column":0},"end":{"line":15,"column":50}},"13":{"start":{"line":16,"column":0},"end":{"line":16,"column":55}},"14":{"start":{"line":19,"column":0},"end":{"line":19,"column":62}},"15":{"start":{"line":20,"column":0},"end":{"line":20,"column":67}},"16":{"start":{"line":22,"column":0},"end":{"line":22,"column":50}},"17":{"start":{"line":23,"column":0},"end":{"line":23,"column":50}},"18":{"start":{"line":24,"column":0},"end":{"line":24,"column":55}},"19":{"start":{"line":26,"column":0},"end":{"line":26,"column":24}}},"fnMap":{},"branchMap":{},"s":{"0":0,"1":0,"2":0,"3":0,"4":0,"5":0,"6":0,"7":0,"8":0,"9":0,"10":0,"11":0,"12":0,"13":0,"14":0,"15":0,"16":0,"17":0,"18":0,"19":0},"f":{},"b":{}}
,"/home/sabrina/ufv/INF221/educatoris/backend/src/routes/authRoutes.js": {"path":"/home/sabrina/ufv/INF221/educatoris/backend/src/routes/authRoutes.js","statementMap":{"0":{"start":{"line":1,"column":15},"end":{"line":1,"column":42}},"1":{"start":{"line":2,"column":13},"end":{"line":2,"column":62}},"2":{"start":{"line":3,"column":13},"end":{"line":3,"column":53}},"3":{"start":{"line":5,"column":0},"end":{"line":5,"column":34}},"4":{"start":{"line":6,"column":0},"end":{"line":6,"column":41}},"5":{"start":{"line":7,"column":0},"end":{"line":7,"column":42}},"6":{"start":{"line":8,"column":0},"end":{"line":8,"column":67}},"7":{"start":{"line":10,"column":0},"end":{"line":10,"column":24}}},"fnMap":{},"branchMap":{},"s":{"0":0,"1":0,"2":0,"3":0,"4":0,"5":0,"6":0,"7":0},"f":{},"b":{}}
,"/home/sabrina/ufv/INF221/educatoris/backend/src/routes/conteudoRoutes.js": {"path":"/home/sabrina/ufv/INF221/educatoris/backend/src/routes/conteudoRoutes.js","statementMap":{"0":{"start":{"line":1,"column":15},"end":{"line":1,"column":42}},"1":{"start":{"line":2,"column":13},"end":{"line":2,"column":59}},"2":{"start":{"line":3,"column":13},"end":{"line":3,"column":53}},"3":{"start":{"line":5,"column":0},"end":{"line":5,"column":17}},"4":{"start":{"line":7,"column":0},"end":{"line":7,"column":43}},"5":{"start":{"line":8,"column":0},"end":{"line":8,"column":35}},"6":{"start":{"line":9,"column":0},"end":{"line":9,"column":57}},"7":{"start":{"line":11,"column":0},"end":{"line":11,"column":24}}},"fnMap":{},"branchMap":{},"s":{"0":0,"1":0,"2":0,"3":0,"4":0,"5":0,"6":0,"7":0},"f":{},"b":{}}
,"/home/sabrina/ufv/INF221/educatoris/backend/src/routes/materialRoutes.js": {"path":"/home/sabrina/ufv/INF221/educatoris/backend/src/routes/materialRoutes.js","statementMap":{"0":{"start":{"line":1,"column":15},"end":{"line":1,"column":42}},"1":{"start":{"line":2,"column":16},"end":{"line":2,"column":61}},"2":{"start":{"line":3,"column":15},"end":{"line":3,"column":60}},"3":{"start":{"line":4,"column":13},"end":{"line":4,"column":53}},"4":{"start":{"line":6,"column":0},"end":{"line":6,"column":17}},"5":{"start":{"line":8,"column":0},"end":{"line":8,"column":55}},"6":{"start":{"line":9,"column":0},"end":{"line":9,"column":55}},"7":{"start":{"line":10,"column":0},"end":{"line":10,"column":60}},"8":{"start":{"line":11,"column":0},"end":{"line":11,"column":61}},"9":{"start":{"line":12,"column":0},"end":{"line":12,"column":67}},"10":{"start":{"line":13,"column":0},"end":{"line":13,"column":83}},"11":{"start":{"line":14,"column":0},"end":{"line":14,"column":75}},"12":{"start":{"line":15,"column":0},"end":{"line":15,"column":70}},"13":{"start":{"line":16,"column":0},"end":{"line":16,"column":75}},"14":{"start":{"line":17,"column":0},"end":{"line":17,"column":73}},"15":{"start":{"line":18,"column":0},"end":{"line":18,"column":77}},"16":{"start":{"line":19,"column":0},"end":{"line":19,"column":54}},"17":{"start":{"line":21,"column":0},"end":{"line":21,"column":24}}},"fnMap":{},"branchMap":{},"s":{"0":0,"1":0,"2":0,"3":0,"4":0,"5":0,"6":0,"7":0,"8":0,"9":0,"10":0,"11":0,"12":0,"13":0,"14":0,"15":0,"16":0,"17":0},"f":{},"b":{}}
,"/home/sabrina/ufv/INF221/educatoris/backend/src/routes/planoRoutes.js": {"path":"/home/sabrina/ufv/INF221/educatoris/backend/src/routes/planoRoutes.js","statementMap":{"0":{"start":{"line":1,"column":15},"end":{"line":1,"column":42}},"1":{"start":{"line":2,"column":13},"end":{"line":2,"column":55}},"2":{"start":{"line":3,"column":13},"end":{"line":3,"column":53}},"3":{"start":{"line":5,"column":0},"end":{"line":5,"column":17}},"4":{"start":{"line":7,"column":0},"end":{"line":7,"column":29}},"5":{"start":{"line":8,"column":0},"end":{"line":8,"column":34}},"6":{"start":{"line":9,"column":0},"end":{"line":9,"column":38}},"7":{"start":{"line":11,"column":0},"end":{"line":11,"column":24}}},"fnMap":{},"branchMap":{},"s":{"0":0,"1":0,"2":0,"3":0,"4":0,"5":0,"6":0,"7":0},"f":{},"b":{}}
}
