TN:
SF:src/config/database.js
FN:18,(anonymous_0)
FNF:1
FNH:1
FNDA:66,(anonymous_0)
DA:1,11
DA:2,11
DA:3,11
DA:4,11
DA:6,11
DA:7,11
DA:9,11
DA:10,11
DA:11,11
DA:13,11
DA:14,11
DA:18,66
DA:19,11
DA:20,0
DA:22,11
DA:23,0
DA:27,11
DA:31,11
DA:32,0
DA:33,0
DA:36,0
DA:37,0
DA:40,11
LF:23
LH:17
BRDA:19,0,0,0
BRDA:19,0,1,11
BRDA:22,1,0,0
BRDA:22,1,1,11
BRDA:31,2,0,0
BRDA:31,2,1,11
BRF:6
BRH:3
end_of_record
TN:
SF:src/controllers/ControladorAutenticacao.js
FN:6,(anonymous_0)
FN:35,(anonymous_1)
FN:49,(anonymous_2)
FN:55,(anonymous_3)
FNF:4
FNH:1
FNDA:0,(anonymous_0)
FNDA:2,(anonymous_1)
FNDA:0,(anonymous_2)
FNDA:0,(anonymous_3)
DA:1,1
DA:2,1
DA:4,1
DA:6,1
DA:7,0
DA:8,0
DA:10,0
DA:11,0
DA:12,0
DA:15,0
DA:16,0
DA:19,0
DA:20,0
DA:26,0
DA:27,0
DA:29,0
DA:35,1
DA:36,2
DA:37,2
DA:38,1
DA:41,1
DA:42,1
DA:45,0
DA:46,0
DA:49,1
DA:50,0
DA:51,0
DA:52,0
DA:55,1
DA:56,0
DA:57,0
LF:31
LH:12
BRDA:8,0,0,0
BRDA:8,0,1,0
BRDA:8,1,0,0
BRDA:8,1,1,0
BRDA:11,2,0,0
BRDA:11,2,1,0
BRDA:11,3,0,0
BRDA:11,3,1,0
BRDA:15,4,0,0
BRDA:15,4,1,0
BRDA:19,5,0,0
BRDA:19,5,1,0
BRDA:19,6,0,0
BRDA:19,6,1,0
BRDA:37,7,0,1
BRDA:37,7,1,1
BRDA:37,8,0,2
BRDA:37,8,1,2
BRDA:37,8,2,1
BRDA:41,9,0,1
BRDA:41,9,1,0
BRDA:51,10,0,0
BRDA:51,10,1,0
BRF:23
BRH:6
end_of_record
TN:
SF:src/controllers/ControladorDownload.js
FN:4,(anonymous_0)
FNF:1
FNH:0
FNDA:0,(anonymous_0)
DA:1,0
DA:2,0
DA:4,0
DA:5,0
DA:7,0
DA:8,0
DA:10,0
DA:11,0
DA:12,0
DA:13,0
DA:14,0
DA:15,0
DA:17,0
LF:13
LH:0
BRDA:7,0,0,0
BRDA:7,0,1,0
BRDA:8,1,0,0
BRDA:8,1,1,0
BRF:4
BRH:0
end_of_record
TN:
SF:src/controllers/ControladorMaterial.js
FN:5,(anonymous_0)
FN:11,carregarLaboratorio
FN:30,ocupacaoPorOutro
FN:42,(anonymous_3)
FN:80,(anonymous_4)
FN:130,(anonymous_5)
FN:142,(anonymous_6)
FN:151,(anonymous_7)
FN:184,(anonymous_8)
FN:189,(anonymous_9)
FN:201,validarJanela
FN:214,(anonymous_11)
FN:247,(anonymous_12)
FN:249,(anonymous_13)
FN:261,(anonymous_14)
FN:283,(anonymous_15)
FNF:16
FNH:13
FNDA:0,(anonymous_0)
FNDA:22,carregarLaboratorio
FNDA:11,ocupacaoPorOutro
FNDA:5,(anonymous_3)
FNDA:6,(anonymous_4)
FNDA:2,(anonymous_5)
FNDA:1,(anonymous_6)
FNDA:3,(anonymous_7)
FNDA:0,(anonymous_8)
FNDA:0,(anonymous_9)
FNDA:7,validarJanela
FNDA:5,(anonymous_11)
FNDA:1,(anonymous_12)
FNDA:1,(anonymous_13)
FNDA:4,(anonymous_14)
FNDA:3,(anonymous_15)
DA:1,1
DA:2,1
DA:3,1
DA:5,1
DA:6,0
DA:7,0
DA:12,22
DA:13,22
DA:14,1
DA:15,1
DA:17,21
DA:18,0
DA:19,0
DA:21,21
DA:22,0
DA:23,0
DA:25,21
DA:31,11
DA:32,11
DA:33,3
DA:35,8
DA:36,8
DA:37,0
DA:39,8
DA:42,1
DA:43,5
DA:44,5
DA:46,4
DA:48,4
DA:51,2
DA:52,2
DA:53,2
DA:54,1
DA:64,1
DA:65,1
DA:66,1
DA:68,0
DA:72,1
DA:74,2
DA:80,1
DA:81,6
DA:82,6
DA:85,6
DA:86,6
DA:88,0
DA:92,6
DA:93,0
DA:96,6
DA:97,0
DA:100,6
DA:101,6
DA:102,1
DA:111,5
DA:112,5
DA:114,0
DA:115,0
DA:117,0
DA:120,5
DA:121,5
DA:123,0
DA:126,5
DA:130,1
DA:131,2
DA:132,2
DA:134,2
DA:135,2
DA:136,1
DA:138,1
DA:142,1
DA:143,1
DA:144,1
DA:146,1
DA:147,1
DA:151,1
DA:152,3
DA:153,3
DA:156,3
DA:157,3
DA:158,3
DA:159,3
DA:161,1
DA:162,1
DA:165,3
DA:166,0
DA:170,3
DA:172,3
DA:184,1
DA:185,0
DA:186,0
DA:188,0
DA:189,0
DA:197,0
DA:202,7
DA:204,7
DA:205,7
DA:206,7
DA:207,7
DA:208,5
DA:210,4
DA:214,1
DA:215,5
DA:216,5
DA:218,5
DA:219,0
DA:221,5
DA:222,0
DA:225,5
DA:226,5
DA:228,3
DA:230,3
DA:232,1
DA:235,2
DA:236,2
DA:237,1
DA:242,1
DA:243,1
DA:247,1
DA:248,1
DA:249,1
DA:257,1
DA:261,1
DA:262,4
DA:263,4
DA:264,4
DA:265,3
DA:266,1
DA:269,2
DA:270,2
DA:273,1
DA:274,1
DA:275,0
DA:278,1
DA:279,1
DA:283,1
DA:284,3
DA:285,3
DA:286,3
DA:287,2
DA:288,1
DA:291,1
DA:292,1
LF:141
LH:117
BRDA:13,0,0,1
BRDA:13,0,1,21
BRDA:17,1,0,0
BRDA:17,1,1,21
BRDA:21,2,0,0
BRDA:21,2,1,21
BRDA:32,3,0,3
BRDA:32,3,1,8
BRDA:32,4,0,11
BRDA:32,4,1,3
BRDA:36,5,0,0
BRDA:36,5,1,8
BRDA:36,6,0,8
BRDA:36,6,1,0
BRDA:44,7,0,1
BRDA:44,7,1,4
BRDA:51,8,0,2
BRDA:51,8,1,0
BRDA:53,9,0,1
BRDA:53,9,1,1
BRDA:55,10,0,1
BRDA:55,10,1,0
BRDA:64,11,0,1
BRDA:64,11,1,0
BRDA:82,12,0,0
BRDA:82,12,1,6
BRDA:92,13,0,0
BRDA:92,13,1,6
BRDA:96,14,0,0
BRDA:96,14,1,6
BRDA:101,15,0,1
BRDA:101,15,1,5
BRDA:103,16,0,1
BRDA:103,16,1,0
BRDA:114,17,0,0
BRDA:114,17,1,0
BRDA:132,18,0,0
BRDA:132,18,1,2
BRDA:135,19,0,1
BRDA:135,19,1,1
BRDA:144,20,0,0
BRDA:144,20,1,1
BRDA:153,21,0,0
BRDA:153,21,1,3
BRDA:165,22,0,0
BRDA:165,22,1,3
BRDA:177,23,0,1
BRDA:177,23,1,2
BRDA:186,24,0,0
BRDA:186,24,1,0
BRDA:202,25,0,0
BRDA:202,25,1,7
BRDA:202,26,0,7
BRDA:202,26,1,7
BRDA:206,27,0,0
BRDA:206,27,1,7
BRDA:206,28,0,7
BRDA:206,28,1,7
BRDA:207,29,0,2
BRDA:207,29,1,5
BRDA:208,30,0,1
BRDA:208,30,1,4
BRDA:216,31,0,0
BRDA:216,31,1,5
BRDA:218,32,0,0
BRDA:218,32,1,5
BRDA:221,33,0,0
BRDA:221,33,1,5
BRDA:226,34,0,2
BRDA:226,34,1,3
BRDA:236,35,0,1
BRDA:236,35,1,1
BRDA:264,36,0,1
BRDA:264,36,1,3
BRDA:265,37,0,1
BRDA:265,37,1,2
BRDA:270,38,0,1
BRDA:270,38,1,1
BRDA:274,39,0,0
BRDA:274,39,1,1
BRDA:286,40,0,1
BRDA:286,40,1,2
BRDA:287,41,0,1
BRDA:287,41,1,1
BRF:84
BRH:59
end_of_record
TN:
SF:src/controllers/ControladorNavegacao.js
FN:3,(anonymous_0)
FN:10,(anonymous_1)
FN:17,(anonymous_2)
FNF:3
FNH:3
FNDA:2,(anonymous_0)
FNDA:2,(anonymous_1)
FNDA:1,(anonymous_2)
DA:1,1
DA:3,1
DA:4,2
DA:5,2
DA:7,1
DA:10,1
DA:11,2
DA:12,2
DA:14,1
DA:17,1
DA:18,1
LF:11
LH:11
BRDA:5,0,0,1
BRDA:5,0,1,1
BRDA:12,1,0,1
BRDA:12,1,1,1
BRF:4
BRH:4
end_of_record
TN:
SF:src/controllers/ControladorPlano.js
FN:3,(anonymous_0)
FN:7,(anonymous_1)
FN:12,(anonymous_2)
FNF:3
FNH:3
FNDA:1,(anonymous_0)
FNDA:1,(anonymous_1)
FNDA:4,(anonymous_2)
DA:1,1
DA:3,1
DA:4,1
DA:7,1
DA:8,1
DA:9,1
DA:12,1
DA:13,4
DA:14,4
DA:16,3
DA:17,3
DA:19,2
DA:20,2
DA:21,1
DA:24,1
DA:28,1
DA:29,1
LF:17
LH:17
BRDA:9,0,0,1
BRDA:9,0,1,1
BRDA:14,1,0,1
BRDA:14,1,1,3
BRDA:17,2,0,1
BRDA:17,2,1,2
BRDA:20,3,0,1
BRDA:20,3,1,1
BRDA:20,4,0,2
BRDA:20,4,1,2
BRF:10
BRH:10
end_of_record
TN:
SF:src/controllers/ControladorUsuarios.js
FN:6,(anonymous_0)
FN:10,(anonymous_1)
FN:26,(anonymous_2)
FN:30,(anonymous_3)
FN:44,(anonymous_4)
FN:60,(anonymous_5)
FN:65,(anonymous_6)
FN:70,(anonymous_7)
FN:84,(anonymous_8)
FN:99,(anonymous_9)
FN:107,(anonymous_10)
FN:112,(anonymous_11)
FN:116,(anonymous_12)
FN:121,(anonymous_13)
FN:126,(anonymous_14)
FNF:15
FNH:14
FNDA:1,(anonymous_0)
FNDA:3,(anonymous_1)
FNDA:1,(anonymous_2)
FNDA:3,(anonymous_3)
FNDA:3,(anonymous_4)
FNDA:1,(anonymous_5)
FNDA:3,(anonymous_6)
FNDA:1,(anonymous_7)
FNDA:3,(anonymous_8)
FNDA:2,(anonymous_9)
FNDA:1,(anonymous_10)
FNDA:0,(anonymous_11)
FNDA:1,(anonymous_12)
FNDA:1,(anonymous_13)
FNDA:1,(anonymous_14)
DA:1,1
DA:2,1
DA:3,1
DA:4,1
DA:6,1
DA:7,1
DA:10,1
DA:11,3
DA:12,3
DA:14,3
DA:16,2
DA:18,2
DA:19,1
DA:20,1
DA:23,2
DA:26,1
DA:27,1
DA:30,1
DA:31,3
DA:32,3
DA:33,1
DA:36,2
DA:37,1
DA:40,1
DA:41,1
DA:44,1
DA:45,3
DA:46,3
DA:47,0
DA:50,3
DA:51,3
DA:52,3
DA:53,1
DA:56,2
DA:57,2
DA:60,1
DA:61,1
DA:62,1
DA:65,1
DA:66,3
DA:67,3
DA:69,2
DA:70,2
DA:71,1
DA:76,2
DA:77,1
DA:80,1
DA:81,1
DA:84,1
DA:85,3
DA:86,3
DA:87,1
DA:90,2
DA:92,2
DA:93,1
DA:94,1
DA:96,2
DA:99,1
DA:100,2
DA:101,2
DA:103,1
DA:104,1
DA:107,1
DA:108,1
DA:109,1
DA:112,1
DA:113,0
DA:116,1
DA:117,1
DA:118,1
DA:121,1
DA:122,1
DA:123,1
DA:126,1
DA:127,1
DA:128,1
DA:129,1
LF:77
LH:75
BRDA:14,0,0,1
BRDA:14,0,1,2
BRDA:18,1,0,1
BRDA:18,1,1,1
BRDA:23,2,0,1
BRDA:23,2,1,1
BRDA:32,3,0,1
BRDA:32,3,1,2
BRDA:32,4,0,3
BRDA:32,4,1,3
BRDA:32,4,2,2
BRDA:32,4,3,2
BRDA:36,5,0,1
BRDA:36,5,1,1
BRDA:46,6,0,0
BRDA:46,6,1,3
BRDA:46,7,0,3
BRDA:46,7,1,3
BRDA:46,7,2,3
BRDA:46,7,3,3
BRDA:52,8,0,1
BRDA:52,8,1,2
BRDA:52,9,0,3
BRDA:52,9,1,2
BRDA:67,10,0,1
BRDA:67,10,1,2
BRDA:67,11,0,3
BRDA:67,11,1,3
BRDA:67,11,2,2
BRDA:71,12,0,1
BRDA:71,12,1,1
BRDA:71,12,2,1
BRDA:76,13,0,1
BRDA:76,13,1,1
BRDA:86,14,0,1
BRDA:86,14,1,2
BRDA:86,15,0,3
BRDA:86,15,1,3
BRDA:86,15,2,2
BRDA:86,15,3,2
BRDA:92,16,0,1
BRDA:92,16,1,1
BRDA:92,17,0,1
BRDA:92,17,1,1
BRDA:93,18,0,0
BRDA:93,18,1,1
BRDA:93,19,0,0
BRDA:93,19,1,0
BRDA:94,20,0,1
BRDA:94,20,1,0
BRDA:94,21,0,1
BRDA:94,21,1,0
BRDA:101,22,0,1
BRDA:101,22,1,1
BRDA:101,23,0,2
BRDA:101,23,1,1
BRDA:129,24,0,0
BRDA:129,24,1,1
BRF:58
BRH:51
end_of_record
TN:
SF:src/middlewares/adminMiddleware.js
FN:1,(anonymous_0)
FNF:1
FNH:0
FNDA:0,(anonymous_0)
DA:1,0
DA:2,0
DA:3,0
DA:5,0
LF:4
LH:0
BRDA:2,0,0,0
BRDA:2,0,1,0
BRF:2
BRH:0
end_of_record
TN:
SF:src/middlewares/authMiddleware.js
FN:6,(anonymous_0)
FNF:1
FNH:0
FNDA:0,(anonymous_0)
DA:1,0
DA:2,0
DA:4,0
DA:6,0
DA:7,0
DA:8,0
DA:9,0
DA:12,0
DA:13,0
DA:15,0
DA:16,0
DA:18,0
DA:19,0
DA:20,0
DA:23,0
DA:24,0
LF:16
LH:0
BRDA:8,0,0,0
BRDA:8,0,1,0
BRDA:15,1,0,0
BRDA:15,1,1,0
BRDA:16,2,0,0
BRDA:16,2,1,0
BRDA:19,3,0,0
BRDA:19,3,1,0
BRDA:19,4,0,0
BRDA:19,4,1,0
BRF:10
BRH:0
end_of_record
TN:
SF:src/models/Material.js
FN:2,(anonymous_0)
FN:14,(anonymous_1)
FN:22,(anonymous_2)
FN:31,(anonymous_3)
FNF:4
FNH:4
FNDA:3,(anonymous_0)
FNDA:1,(anonymous_1)
FNDA:1,(anonymous_2)
FNDA:1,(anonymous_3)
DA:3,3
DA:4,3
DA:5,3
DA:6,3
DA:7,3
DA:8,3
DA:9,3
DA:15,1
DA:16,1
DA:17,1
DA:23,1
DA:24,1
DA:25,1
DA:26,1
DA:32,1
DA:33,1
DA:37,3
LF:17
LH:17
BRDA:26,0,0,1
BRDA:26,0,1,1
BRF:2
BRH:2
end_of_record
TN:
SF:src/patterns/decorator/PDFBase.js
FN:10,(anonymous_0)
FN:15,(anonymous_1)
FNF:2
FNH:0
FNDA:0,(anonymous_0)
FNDA:0,(anonymous_1)
DA:2,2
DA:3,2
DA:4,2
DA:5,2
DA:11,0
DA:12,0
DA:16,0
DA:17,0
DA:18,0
DA:19,0
DA:20,0
DA:21,0
DA:24,0
DA:28,0
DA:32,0
DA:33,0
DA:34,0
DA:35,0
DA:37,0
DA:38,0
DA:39,0
DA:41,0
DA:45,2
LF:23
LH:5
BRDA:17,0,0,0
BRDA:17,0,1,0
BRDA:17,1,0,0
BRDA:17,1,1,0
BRDA:19,2,0,0
BRDA:19,2,1,0
BRDA:20,3,0,0
BRDA:20,3,1,0
BRDA:21,4,0,0
BRDA:21,4,1,0
BRDA:24,5,0,0
BRDA:24,5,1,0
BRDA:38,6,0,0
BRDA:38,6,1,0
BRF:14
BRH:0
end_of_record
TN:
SF:src/patterns/decorator/PDFComMarcaDagua.js
FN:6,(anonymous_0)
FNF:1
FNH:0
FNDA:0,(anonymous_0)
DA:2,2
DA:3,2
DA:7,0
DA:8,0
DA:9,0
DA:10,0
DA:12,0
DA:13,0
DA:14,0
DA:24,0
DA:28,2
LF:11
LH:3
BRF:0
BRH:0
end_of_record
TN:
SF:src/patterns/decorator/PDFComMetadados.js
FN:6,(anonymous_0)
FNF:1
FNH:0
FNDA:0,(anonymous_0)
DA:2,2
DA:3,2
DA:7,0
DA:8,0
DA:10,0
DA:11,0
DA:12,0
DA:13,0
DA:19,0
DA:23,2
LF:10
LH:3
BRDA:16,0,0,0
BRDA:16,0,1,0
BRF:2
BRH:0
end_of_record
TN:
SF:src/patterns/decorator/PDFDecorator.js
FN:5,(anonymous_0)
FN:10,(anonymous_1)
FNF:2
FNH:0
FNDA:0,(anonymous_0)
FNDA:0,(anonymous_1)
DA:2,2
DA:6,0
DA:7,0
DA:11,0
DA:15,2
LF:5
LH:2
BRF:0
BRH:0
end_of_record
TN:
SF:src/patterns/decorator/PDFGerador.js
FN:3,(anonymous_0)
FNF:1
FNH:0
FNDA:0,(anonymous_0)
DA:4,0
DA:8,2
LF:2
LH:1
BRF:0
BRH:0
end_of_record
TN:
SF:src/patterns/facade/ConteudoService.js
FN:12,(anonymous_0)
FN:17,(anonymous_1)
FN:21,(anonymous_2)
FN:26,(anonymous_3)
FN:34,(anonymous_4)
FN:36,(anonymous_5)
FN:39,(anonymous_6)
FN:43,(anonymous_7)
FN:54,(anonymous_8)
FN:60,(anonymous_9)
FNF:10
FNH:2
FNDA:2,(anonymous_0)
FNDA:0,(anonymous_1)
FNDA:0,(anonymous_2)
FNDA:0,(anonymous_3)
FNDA:0,(anonymous_4)
FNDA:0,(anonymous_5)
FNDA:0,(anonymous_6)
FNDA:0,(anonymous_7)
FNDA:16,(anonymous_8)
FNDA:0,(anonymous_9)
DA:2,2
DA:3,2
DA:4,2
DA:5,2
DA:6,2
DA:13,2
DA:14,2
DA:18,0
DA:23,0
DA:24,0
DA:26,0
DA:27,0
DA:28,0
DA:30,0
DA:35,0
DA:36,0
DA:40,0
DA:41,0
DA:43,0
DA:44,0
DA:45,0
DA:46,0
DA:47,0
DA:49,0
DA:55,16
DA:56,16
DA:57,16
DA:61,0
DA:63,0
DA:64,0
DA:67,0
DA:73,0
DA:81,2
DA:82,2
DA:84,2
LF:35
LH:13
BRDA:27,0,0,0
BRDA:27,0,1,0
BRDA:28,1,0,0
BRDA:28,1,1,0
BRDA:30,2,0,0
BRDA:30,2,1,0
BRDA:63,3,0,0
BRDA:63,3,1,0
BRDA:63,4,0,0
BRDA:63,4,1,0
BRF:10
BRH:0
end_of_record
TN:
SF:src/patterns/factory/MaterialFactory.js
FN:5,(anonymous_0)
FNF:1
FNH:1
FNDA:4,(anonymous_0)
DA:2,3
DA:6,4
DA:8,1
DA:10,1
DA:12,1
DA:14,1
DA:19,3
LF:7
LH:7
BRDA:6,0,0,1
BRDA:6,0,1,1
BRDA:6,0,2,1
BRDA:6,0,3,1
BRF:4
BRH:4
end_of_record
TN:
SF:src/patterns/proxy/MaterialProxy.js
FN:7,(anonymous_0)
FN:13,(anonymous_1)
FN:33,(anonymous_2)
FNF:3
FNH:3
FNDA:16,(anonymous_0)
FNDA:16,(anonymous_1)
FNDA:16,(anonymous_2)
DA:8,16
DA:9,16
DA:10,16
DA:14,16
DA:15,0
DA:17,16
DA:18,0
DA:21,16
DA:23,16
DA:24,3
DA:26,13
DA:27,1
DA:30,12
DA:34,16
DA:35,12
DA:39,2
LF:16
LH:14
BRDA:14,0,0,0
BRDA:14,0,1,16
BRDA:17,1,0,0
BRDA:17,1,1,16
BRDA:17,2,0,16
BRDA:17,2,1,16
BRDA:23,3,0,3
BRDA:23,3,1,13
BRDA:23,4,0,16
BRDA:23,4,1,16
BRDA:23,4,2,15
BRDA:26,5,0,1
BRDA:26,5,1,12
BRDA:26,6,0,13
BRDA:26,6,1,13
BRDA:26,6,2,1
BRF:16
BRH:14
end_of_record
TN:
SF:src/patterns/singleton/AuthService.js
FN:12,(anonymous_0)
FN:14,(anonymous_1)
FN:21,(anonymous_2)
FN:29,(anonymous_3)
FN:44,(anonymous_4)
FN:52,(anonymous_5)
FN:58,(anonymous_6)
FN:64,(anonymous_7)
FN:70,(anonymous_8)
FNF:9
FNH:8
FNDA:1,(anonymous_0)
FNDA:12,(anonymous_1)
FNDA:1,(anonymous_2)
FNDA:2,(anonymous_3)
FNDA:2,(anonymous_4)
FNDA:1,(anonymous_5)
FNDA:1,(anonymous_6)
FNDA:0,(anonymous_7)
FNDA:2,(anonymous_8)
DA:2,3
DA:3,3
DA:5,3
DA:6,3
DA:7,3
DA:10,3
DA:15,12
DA:16,1
DA:18,12
DA:22,1
DA:30,2
DA:31,2
DA:33,1
DA:38,2
DA:45,2
DA:46,2
DA:49,2
DA:53,1
DA:59,1
DA:65,0
DA:71,2
DA:77,2
DA:81,3
LF:23
LH:22
BRDA:15,0,0,1
BRDA:15,0,1,11
BRF:2
BRH:2
end_of_record
TN:
SF:src/repositories/LaboratorioRepository.js
FN:8,(anonymous_0)
FN:12,(anonymous_1)
FN:28,(anonymous_2)
FN:39,(anonymous_3)
FN:57,(anonymous_4)
FN:76,(anonymous_5)
FN:91,(anonymous_6)
FN:92,(anonymous_7)
FN:118,(anonymous_8)
FN:127,(anonymous_9)
FN:132,(anonymous_10)
FN:148,(anonymous_11)
FN:163,(anonymous_12)
FN:169,(anonymous_13)
FN:174,(anonymous_14)
FNF:15
FNH:14
FNDA:7,(anonymous_0)
FNDA:1,(anonymous_1)
FNDA:18,(anonymous_2)
FNDA:6,(anonymous_3)
FNDA:10,(anonymous_4)
FNDA:14,(anonymous_5)
FNDA:15,(anonymous_6)
FNDA:15,(anonymous_7)
FNDA:4,(anonymous_8)
FNDA:2,(anonymous_9)
FNDA:0,(anonymous_10)
FNDA:2,(anonymous_11)
FNDA:11,(anonymous_12)
FNDA:2,(anonymous_13)
FNDA:2,(anonymous_14)
DA:1,2
DA:5,2
DA:9,7
DA:13,1
DA:29,18
DA:40,6
DA:58,10
DA:77,14
DA:78,14
DA:79,14
DA:92,15
DA:93,15
DA:94,15
DA:96,15
DA:97,15
DA:98,1
DA:99,1
DA:100,1
DA:103,14
DA:104,14
DA:112,14
DA:119,4
DA:120,4
DA:123,4
DA:128,2
DA:133,0
DA:149,2
DA:164,11
DA:170,2
DA:175,2
DA:179,2
LF:31
LH:30
BRDA:39,0,0,4
BRDA:97,1,0,1
BRDA:97,1,1,14
BRDA:97,2,0,15
BRDA:97,2,1,2
BRDA:123,3,0,2
BRDA:123,3,1,2
BRF:7
BRH:7
end_of_record
TN:
SF:src/repositories/MaterialRepository.js
FN:4,(anonymous_0)
FN:10,(anonymous_1)
FN:16,(anonymous_2)
FN:20,(anonymous_3)
FN:23,(anonymous_4)
FN:31,(anonymous_5)
FN:42,(anonymous_6)
FN:48,(anonymous_7)
FN:54,(anonymous_8)
FN:58,(anonymous_9)
FN:63,(anonymous_10)
FN:67,(anonymous_11)
FN:73,(anonymous_12)
FN:79,(anonymous_13)
FN:85,(anonymous_14)
FN:89,(anonymous_15)
FN:93,(anonymous_16)
FN:96,(anonymous_17)
FNF:18
FNH:8
FNDA:0,(anonymous_0)
FNDA:0,(anonymous_1)
FNDA:1,(anonymous_2)
FNDA:1,(anonymous_3)
FNDA:23,(anonymous_4)
FNDA:0,(anonymous_5)
FNDA:0,(anonymous_6)
FNDA:1,(anonymous_7)
FNDA:1,(anonymous_8)
FNDA:0,(anonymous_9)
FNDA:0,(anonymous_10)
FNDA:0,(anonymous_11)
FNDA:1,(anonymous_12)
FNDA:0,(anonymous_13)
FNDA:0,(anonymous_14)
FNDA:0,(anonymous_15)
FNDA:3,(anonymous_16)
FNDA:3,(anonymous_17)
DA:1,5
DA:5,0
DA:11,0
DA:17,1
DA:20,1
DA:24,23
DA:27,23
DA:28,22
DA:32,0
DA:43,0
DA:49,1
DA:55,1
DA:59,0
DA:64,0
DA:68,0
DA:74,1
DA:80,0
DA:86,0
DA:90,0
DA:96,3
DA:97,3
DA:99,3
DA:100,3
DA:101,3
DA:102,3
DA:103,3
DA:106,3
DA:107,3
DA:110,3
DA:114,23
DA:115,2
DA:116,2
DA:118,21
DA:119,0
DA:120,0
DA:122,21
DA:123,21
DA:124,21
DA:126,0
DA:130,5
LF:40
LH:27
BRDA:27,0,0,1
BRDA:27,0,1,22
BRDA:51,1,0,1
BRDA:51,1,1,1
BRDA:54,2,0,0
BRDA:54,3,0,0
BRDA:54,4,0,1
BRDA:55,5,0,1
BRDA:55,5,1,0
BRDA:55,6,0,0
BRDA:55,6,1,1
BRDA:58,7,0,0
BRDA:58,8,0,0
BRDA:58,9,0,0
BRDA:58,10,0,0
BRDA:60,11,0,0
BRDA:60,11,1,0
BRDA:60,12,0,0
BRDA:60,12,1,0
BRDA:63,13,0,0
BRDA:63,14,0,0
BRDA:64,15,0,0
BRDA:64,15,1,0
BRDA:70,16,0,0
BRDA:70,16,1,0
BRDA:90,17,0,0
BRDA:90,17,1,0
BRDA:114,18,0,2
BRDA:114,18,1,21
BRDA:118,19,0,0
BRDA:118,19,1,21
BRDA:122,20,0,21
BRDA:122,20,1,0
BRF:33
BRH:11
end_of_record
TN:
SF:src/repositories/PlanoRepository.js
FN:4,(anonymous_0)
FN:8,(anonymous_1)
FN:12,(anonymous_2)
FN:16,(anonymous_3)
FN:30,(anonymous_4)
FN:43,(anonymous_5)
FN:47,(anonymous_6)
FN:59,(anonymous_7)
FN:70,(anonymous_8)
FN:74,(anonymous_9)
FNF:10
FNH:7
FNDA:1,(anonymous_0)
FNDA:1,(anonymous_1)
FNDA:1,(anonymous_2)
FNDA:16,(anonymous_3)
FNDA:0,(anonymous_4)
FNDA:0,(anonymous_5)
FNDA:1,(anonymous_6)
FNDA:1,(anonymous_7)
FNDA:0,(anonymous_8)
FNDA:1,(anonymous_9)
DA:1,5
DA:5,1
DA:9,1
DA:13,1
DA:17,16
DA:31,0
DA:33,0
DA:37,0
DA:40,0
DA:44,0
DA:48,1
DA:60,1
DA:71,0
DA:75,1
DA:79,5
LF:15
LH:9
BRDA:53,0,0,1
BRDA:53,0,1,1
BRDA:54,1,0,1
BRDA:54,1,1,0
BRDA:54,2,0,0
BRDA:54,2,1,1
BRDA:54,3,0,0
BRDA:54,3,1,1
BRDA:55,4,0,0
BRDA:55,4,1,1
BRDA:55,5,0,0
BRDA:55,5,1,1
BRDA:64,6,0,1
BRDA:64,6,1,1
BRDA:65,7,0,0
BRDA:65,7,1,1
BRDA:65,8,0,0
BRDA:65,8,1,1
BRDA:65,9,0,0
BRDA:65,9,1,1
BRDA:66,10,0,0
BRDA:66,10,1,1
BRDA:66,11,0,0
BRDA:66,11,1,1
BRF:24
BRH:14
end_of_record
TN:
SF:src/repositories/UsuarioRepository.js
FN:5,(anonymous_0)
FN:9,(anonymous_1)
FN:13,(anonymous_2)
FN:28,(anonymous_3)
FN:32,(anonymous_4)
FN:36,(anonymous_5)
FN:48,(anonymous_6)
FN:53,(anonymous_7)
FNF:8
FNH:0
FNDA:0,(anonymous_0)
FNDA:0,(anonymous_1)
FNDA:0,(anonymous_2)
FNDA:0,(anonymous_3)
FNDA:0,(anonymous_4)
FNDA:0,(anonymous_5)
FNDA:0,(anonymous_6)
FNDA:0,(anonymous_7)
DA:1,2
DA:2,2
DA:6,0
DA:10,0
DA:14,0
DA:15,0
DA:19,0
DA:20,0
DA:21,0
DA:22,0
DA:25,0
DA:29,0
DA:33,0
DA:37,0
DA:49,0
DA:50,0
DA:54,0
DA:58,2
LF:18
LH:3
BRDA:17,0,0,0
BRDA:17,0,1,0
BRDA:19,1,0,0
BRDA:19,1,1,0
BRDA:21,2,0,0
BRDA:21,2,1,0
BRDA:33,3,0,0
BRDA:33,3,1,0
BRDA:54,4,0,0
BRDA:54,4,1,0
BRF:10
BRH:0
end_of_record
TN:
SF:src/routes/adminRoutes.js
FNF:0
FNH:0
DA:1,0
DA:2,0
DA:3,0
DA:4,0
DA:6,0
DA:8,0
DA:9,0
DA:10,0
DA:11,0
DA:12,0
DA:13,0
DA:14,0
DA:15,0
DA:16,0
DA:19,0
DA:20,0
DA:22,0
DA:23,0
DA:24,0
DA:26,0
LF:20
LH:0
BRF:0
BRH:0
end_of_record
TN:
SF:src/routes/authRoutes.js
FNF:0
FNH:0
DA:1,0
DA:2,0
DA:3,0
DA:5,0
DA:6,0
DA:7,0
DA:8,0
DA:10,0
LF:8
LH:0
BRF:0
BRH:0
end_of_record
TN:
SF:src/routes/conteudoRoutes.js
FNF:0
FNH:0
DA:1,0
DA:2,0
DA:3,0
DA:5,0
DA:7,0
DA:8,0
DA:9,0
DA:11,0
LF:8
LH:0
BRF:0
BRH:0
end_of_record
TN:
SF:src/routes/materialRoutes.js
FNF:0
FNH:0
DA:1,0
DA:2,0
DA:3,0
DA:4,0
DA:6,0
DA:8,0
DA:9,0
DA:10,0
DA:11,0
DA:12,0
DA:13,0
DA:14,0
DA:15,0
DA:16,0
DA:17,0
DA:18,0
DA:19,0
DA:21,0
LF:18
LH:0
BRF:0
BRH:0
end_of_record
TN:
SF:src/routes/planoRoutes.js
FNF:0
FNH:0
DA:1,0
DA:2,0
DA:3,0
DA:5,0
DA:7,0
DA:8,0
DA:9,0
DA:11,0
LF:8
LH:0
BRF:0
BRH:0
end_of_record
